The system is: Linux - 3.10.0-957.1.3.el7.x86_64 - x86_64
Compiling the C compiler identification source file "CMakeCCompilerId.c" succeeded.
Compiler: /usr/bin/cc 
Build flags: 
Id flags: 

The output was:
0


Compilation of the C compiler identification source "CMakeCCompilerId.c" produced "a.out"

The C compiler identification is GNU, found in "/gpfs/home/hermann/eigen/build/CMakeFiles/2.8.12.2/CompilerIdC/a.out"

Compiling the CXX compiler identification source file "CMakeCXXCompilerId.cpp" succeeded.
Compiler: /usr/bin/c++ 
Build flags: 
Id flags: 

The output was:
0


Compilation of the CXX compiler identification source "CMakeCXXCompilerId.cpp" produced "a.out"

The CXX compiler identification is GNU, found in "/gpfs/home/hermann/eigen/build/CMakeFiles/2.8.12.2/CompilerIdCXX/a.out"

Determining if the C compiler works passed with the following output:
Change Dir: /gpfs/home/hermann/eigen/build/CMakeFiles/CMakeTmp

Run Build Command:/usr/bin/gmake "cmTryCompileExec1250224773/fast"
/usr/bin/gmake -f CMakeFiles/cmTryCompileExec1250224773.dir/build.make CMakeFiles/cmTryCompileExec1250224773.dir/build
gmake[1]: Entering directory `/gpfs/home/hermann/eigen/build/CMakeFiles/CMakeTmp'
/usr/bin/cmake -E cmake_progress_report /gpfs/home/hermann/eigen/build/CMakeFiles/CMakeTmp/CMakeFiles 1
Building C object CMakeFiles/cmTryCompileExec1250224773.dir/testCCompiler.c.o
/usr/bin/cc    -o CMakeFiles/cmTryCompileExec1250224773.dir/testCCompiler.c.o   -c /gpfs/home/hermann/eigen/build/CMakeFiles/CMakeTmp/testCCompiler.c
Linking C executable cmTryCompileExec1250224773
/usr/bin/cmake -E cmake_link_script CMakeFiles/cmTryCompileExec1250224773.dir/link.txt --verbose=1
/usr/bin/cc       CMakeFiles/cmTryCompileExec1250224773.dir/testCCompiler.c.o  -o cmTryCompileExec1250224773 -rdynamic 
gmake[1]: Leaving directory `/gpfs/home/hermann/eigen/build/CMakeFiles/CMakeTmp'


Detecting C compiler ABI info compiled with the following output:
Change Dir: /gpfs/home/hermann/eigen/build/CMakeFiles/CMakeTmp

Run Build Command:/usr/bin/gmake "cmTryCompileExec4090882504/fast"
/usr/bin/gmake -f CMakeFiles/cmTryCompileExec4090882504.dir/build.make CMakeFiles/cmTryCompileExec4090882504.dir/build
gmake[1]: Entering directory `/gpfs/home/hermann/eigen/build/CMakeFiles/CMakeTmp'
/usr/bin/cmake -E cmake_progress_report /gpfs/home/hermann/eigen/build/CMakeFiles/CMakeTmp/CMakeFiles 1
Building C object CMakeFiles/cmTryCompileExec4090882504.dir/CMakeCCompilerABI.c.o
/usr/bin/cc    -o CMakeFiles/cmTryCompileExec4090882504.dir/CMakeCCompilerABI.c.o   -c /usr/share/cmake/Modules/CMakeCCompilerABI.c
Linking C executable cmTryCompileExec4090882504
/usr/bin/cmake -E cmake_link_script CMakeFiles/cmTryCompileExec4090882504.dir/link.txt --verbose=1
/usr/bin/cc     -v CMakeFiles/cmTryCompileExec4090882504.dir/CMakeCCompilerABI.c.o  -o cmTryCompileExec4090882504 -rdynamic  
Using built-in specs.
COLLECT_GCC=/usr/bin/cc
COLLECT_LTO_WRAPPER=/usr/libexec/gcc/x86_64-redhat-linux/4.8.5/lto-wrapper
Target: x86_64-redhat-linux
Configured with: ../configure --prefix=/usr --mandir=/usr/share/man --infodir=/usr/share/info --with-bugurl=http://bugzilla.redhat.com/bugzilla --enable-bootstrap --enable-shared --enable-threads=posix --enable-checking=release --with-system-zlib --enable-__cxa_atexit --disable-libunwind-exceptions --enable-gnu-unique-object --enable-linker-build-id --with-linker-hash-style=gnu --enable-languages=c,c++,objc,obj-c++,java,fortran,ada,go,lto --enable-plugin --enable-initfini-array --disable-libgcj --with-isl=/builddir/build/BUILD/gcc-4.8.5-20150702/obj-x86_64-redhat-linux/isl-install --with-cloog=/builddir/build/BUILD/gcc-4.8.5-20150702/obj-x86_64-redhat-linux/cloog-install --enable-gnu-indirect-function --with-tune=generic --with-arch_32=x86-64 --build=x86_64-redhat-linux
Thread model: posix
gcc version 4.8.5 20150623 (Red Hat 4.8.5-36) (GCC) 
COMPILER_PATH=/usr/libexec/gcc/x86_64-redhat-linux/4.8.5/:/usr/libexec/gcc/x86_64-redhat-linux/4.8.5/:/usr/libexec/gcc/x86_64-redhat-linux/:/usr/lib/gcc/x86_64-redhat-linux/4.8.5/:/usr/lib/gcc/x86_64-redhat-linux/
LIBRARY_PATH=/usr/lib/gcc/x86_64-redhat-linux/4.8.5/:/usr/lib/gcc/x86_64-redhat-linux/4.8.5/../../../../lib64/:/lib/../lib64/:/usr/lib/../lib64/:/usr/lib/gcc/x86_64-redhat-linux/4.8.5/../../../:/lib/:/usr/lib/
COLLECT_GCC_OPTIONS='-v' '-o' 'cmTryCompileExec4090882504' '-rdynamic' '-mtune=generic' '-march=x86-64'
 /usr/libexec/gcc/x86_64-redhat-linux/4.8.5/collect2 --build-id --no-add-needed --eh-frame-hdr --hash-style=gnu -m elf_x86_64 -export-dynamic -dynamic-linker /lib64/ld-linux-x86-64.so.2 -o cmTryCompileExec4090882504 /usr/lib/gcc/x86_64-redhat-linux/4.8.5/../../../../lib64/crt1.o /usr/lib/gcc/x86_64-redhat-linux/4.8.5/../../../../lib64/crti.o /usr/lib/gcc/x86_64-redhat-linux/4.8.5/crtbegin.o -L/usr/lib/gcc/x86_64-redhat-linux/4.8.5 -L/usr/lib/gcc/x86_64-redhat-linux/4.8.5/../../../../lib64 -L/lib/../lib64 -L/usr/lib/../lib64 -L/usr/lib/gcc/x86_64-redhat-linux/4.8.5/../../.. CMakeFiles/cmTryCompileExec4090882504.dir/CMakeCCompilerABI.c.o -lgcc --as-needed -lgcc_s --no-as-needed -lc -lgcc --as-needed -lgcc_s --no-as-needed /usr/lib/gcc/x86_64-redhat-linux/4.8.5/crtend.o /usr/lib/gcc/x86_64-redhat-linux/4.8.5/../../../../lib64/crtn.o
gmake[1]: Leaving directory `/gpfs/home/hermann/eigen/build/CMakeFiles/CMakeTmp'


Parsed C implicit link information from above output:
  link line regex: [^( *|.*[/\])(ld|([^/\]+-)?ld|collect2)[^/\]*( |$)]
  ignore line: [Change Dir: /gpfs/home/hermann/eigen/build/CMakeFiles/CMakeTmp]
  ignore line: []
  ignore line: [Run Build Command:/usr/bin/gmake "cmTryCompileExec4090882504/fast"]
  ignore line: [/usr/bin/gmake -f CMakeFiles/cmTryCompileExec4090882504.dir/build.make CMakeFiles/cmTryCompileExec4090882504.dir/build]
  ignore line: [gmake[1]: Entering directory `/gpfs/home/hermann/eigen/build/CMakeFiles/CMakeTmp']
  ignore line: [/usr/bin/cmake -E cmake_progress_report /gpfs/home/hermann/eigen/build/CMakeFiles/CMakeTmp/CMakeFiles 1]
  ignore line: [Building C object CMakeFiles/cmTryCompileExec4090882504.dir/CMakeCCompilerABI.c.o]
  ignore line: [/usr/bin/cc    -o CMakeFiles/cmTryCompileExec4090882504.dir/CMakeCCompilerABI.c.o   -c /usr/share/cmake/Modules/CMakeCCompilerABI.c]
  ignore line: [Linking C executable cmTryCompileExec4090882504]
  ignore line: [/usr/bin/cmake -E cmake_link_script CMakeFiles/cmTryCompileExec4090882504.dir/link.txt --verbose=1]
  ignore line: [/usr/bin/cc     -v CMakeFiles/cmTryCompileExec4090882504.dir/CMakeCCompilerABI.c.o  -o cmTryCompileExec4090882504 -rdynamic  ]
  ignore line: [Using built-in specs.]
  ignore line: [COLLECT_GCC=/usr/bin/cc]
  ignore line: [COLLECT_LTO_WRAPPER=/usr/libexec/gcc/x86_64-redhat-linux/4.8.5/lto-wrapper]
  ignore line: [Target: x86_64-redhat-linux]
  ignore line: [Configured with: ../configure --prefix=/usr --mandir=/usr/share/man --infodir=/usr/share/info --with-bugurl=http://bugzilla.redhat.com/bugzilla --enable-bootstrap --enable-shared --enable-threads=posix --enable-checking=release --with-system-zlib --enable-__cxa_atexit --disable-libunwind-exceptions --enable-gnu-unique-object --enable-linker-build-id --with-linker-hash-style=gnu --enable-languages=c,c++,objc,obj-c++,java,fortran,ada,go,lto --enable-plugin --enable-initfini-array --disable-libgcj --with-isl=/builddir/build/BUILD/gcc-4.8.5-20150702/obj-x86_64-redhat-linux/isl-install --with-cloog=/builddir/build/BUILD/gcc-4.8.5-20150702/obj-x86_64-redhat-linux/cloog-install --enable-gnu-indirect-function --with-tune=generic --with-arch_32=x86-64 --build=x86_64-redhat-linux]
  ignore line: [Thread model: posix]
  ignore line: [gcc version 4.8.5 20150623 (Red Hat 4.8.5-36) (GCC) ]
  ignore line: [COMPILER_PATH=/usr/libexec/gcc/x86_64-redhat-linux/4.8.5/:/usr/libexec/gcc/x86_64-redhat-linux/4.8.5/:/usr/libexec/gcc/x86_64-redhat-linux/:/usr/lib/gcc/x86_64-redhat-linux/4.8.5/:/usr/lib/gcc/x86_64-redhat-linux/]
  ignore line: [LIBRARY_PATH=/usr/lib/gcc/x86_64-redhat-linux/4.8.5/:/usr/lib/gcc/x86_64-redhat-linux/4.8.5/../../../../lib64/:/lib/../lib64/:/usr/lib/../lib64/:/usr/lib/gcc/x86_64-redhat-linux/4.8.5/../../../:/lib/:/usr/lib/]
  ignore line: [COLLECT_GCC_OPTIONS='-v' '-o' 'cmTryCompileExec4090882504' '-rdynamic' '-mtune=generic' '-march=x86-64']
  link line: [ /usr/libexec/gcc/x86_64-redhat-linux/4.8.5/collect2 --build-id --no-add-needed --eh-frame-hdr --hash-style=gnu -m elf_x86_64 -export-dynamic -dynamic-linker /lib64/ld-linux-x86-64.so.2 -o cmTryCompileExec4090882504 /usr/lib/gcc/x86_64-redhat-linux/4.8.5/../../../../lib64/crt1.o /usr/lib/gcc/x86_64-redhat-linux/4.8.5/../../../../lib64/crti.o /usr/lib/gcc/x86_64-redhat-linux/4.8.5/crtbegin.o -L/usr/lib/gcc/x86_64-redhat-linux/4.8.5 -L/usr/lib/gcc/x86_64-redhat-linux/4.8.5/../../../../lib64 -L/lib/../lib64 -L/usr/lib/../lib64 -L/usr/lib/gcc/x86_64-redhat-linux/4.8.5/../../.. CMakeFiles/cmTryCompileExec4090882504.dir/CMakeCCompilerABI.c.o -lgcc --as-needed -lgcc_s --no-as-needed -lc -lgcc --as-needed -lgcc_s --no-as-needed /usr/lib/gcc/x86_64-redhat-linux/4.8.5/crtend.o /usr/lib/gcc/x86_64-redhat-linux/4.8.5/../../../../lib64/crtn.o]
    arg [/usr/libexec/gcc/x86_64-redhat-linux/4.8.5/collect2] ==> ignore
    arg [--build-id] ==> ignore
    arg [--no-add-needed] ==> ignore
    arg [--eh-frame-hdr] ==> ignore
    arg [--hash-style=gnu] ==> ignore
    arg [-m] ==> ignore
    arg [elf_x86_64] ==> ignore
    arg [-export-dynamic] ==> ignore
    arg [-dynamic-linker] ==> ignore
    arg [/lib64/ld-linux-x86-64.so.2] ==> ignore
    arg [-o] ==> ignore
    arg [cmTryCompileExec4090882504] ==> ignore
    arg [/usr/lib/gcc/x86_64-redhat-linux/4.8.5/../../../../lib64/crt1.o] ==> ignore
    arg [/usr/lib/gcc/x86_64-redhat-linux/4.8.5/../../../../lib64/crti.o] ==> ignore
    arg [/usr/lib/gcc/x86_64-redhat-linux/4.8.5/crtbegin.o] ==> ignore
    arg [-L/usr/lib/gcc/x86_64-redhat-linux/4.8.5] ==> dir [/usr/lib/gcc/x86_64-redhat-linux/4.8.5]
    arg [-L/usr/lib/gcc/x86_64-redhat-linux/4.8.5/../../../../lib64] ==> dir [/usr/lib/gcc/x86_64-redhat-linux/4.8.5/../../../../lib64]
    arg [-L/lib/../lib64] ==> dir [/lib/../lib64]
    arg [-L/usr/lib/../lib64] ==> dir [/usr/lib/../lib64]
    arg [-L/usr/lib/gcc/x86_64-redhat-linux/4.8.5/../../..] ==> dir [/usr/lib/gcc/x86_64-redhat-linux/4.8.5/../../..]
    arg [CMakeFiles/cmTryCompileExec4090882504.dir/CMakeCCompilerABI.c.o] ==> ignore
    arg [-lgcc] ==> lib [gcc]
    arg [--as-needed] ==> ignore
    arg [-lgcc_s] ==> lib [gcc_s]
    arg [--no-as-needed] ==> ignore
    arg [-lc] ==> lib [c]
    arg [-lgcc] ==> lib [gcc]
    arg [--as-needed] ==> ignore
    arg [-lgcc_s] ==> lib [gcc_s]
    arg [--no-as-needed] ==> ignore
    arg [/usr/lib/gcc/x86_64-redhat-linux/4.8.5/crtend.o] ==> ignore
    arg [/usr/lib/gcc/x86_64-redhat-linux/4.8.5/../../../../lib64/crtn.o] ==> ignore
  remove lib [gcc]
  remove lib [gcc_s]
  remove lib [gcc]
  remove lib [gcc_s]
  collapse library dir [/usr/lib/gcc/x86_64-redhat-linux/4.8.5] ==> [/usr/lib/gcc/x86_64-redhat-linux/4.8.5]
  collapse library dir [/usr/lib/gcc/x86_64-redhat-linux/4.8.5/../../../../lib64] ==> [/usr/lib64]
  collapse library dir [/lib/../lib64] ==> [/lib64]
  collapse library dir [/usr/lib/../lib64] ==> [/usr/lib64]
  collapse library dir [/usr/lib/gcc/x86_64-redhat-linux/4.8.5/../../..] ==> [/usr/lib]
  implicit libs: [c]
  implicit dirs: [/usr/lib/gcc/x86_64-redhat-linux/4.8.5;/usr/lib64;/lib64;/usr/lib]
  implicit fwks: []


Determining if the CXX compiler works passed with the following output:
Change Dir: /gpfs/home/hermann/eigen/build/CMakeFiles/CMakeTmp

Run Build Command:/usr/bin/gmake "cmTryCompileExec3113919286/fast"
/usr/bin/gmake -f CMakeFiles/cmTryCompileExec3113919286.dir/build.make CMakeFiles/cmTryCompileExec3113919286.dir/build
gmake[1]: Entering directory `/gpfs/home/hermann/eigen/build/CMakeFiles/CMakeTmp'
/usr/bin/cmake -E cmake_progress_report /gpfs/home/hermann/eigen/build/CMakeFiles/CMakeTmp/CMakeFiles 1
Building CXX object CMakeFiles/cmTryCompileExec3113919286.dir/testCXXCompiler.cxx.o
/usr/bin/c++     -o CMakeFiles/cmTryCompileExec3113919286.dir/testCXXCompiler.cxx.o -c /gpfs/home/hermann/eigen/build/CMakeFiles/CMakeTmp/testCXXCompiler.cxx
Linking CXX executable cmTryCompileExec3113919286
/usr/bin/cmake -E cmake_link_script CMakeFiles/cmTryCompileExec3113919286.dir/link.txt --verbose=1
/usr/bin/c++        CMakeFiles/cmTryCompileExec3113919286.dir/testCXXCompiler.cxx.o  -o cmTryCompileExec3113919286 -rdynamic 
gmake[1]: Leaving directory `/gpfs/home/hermann/eigen/build/CMakeFiles/CMakeTmp'


Detecting CXX compiler ABI info compiled with the following output:
Change Dir: /gpfs/home/hermann/eigen/build/CMakeFiles/CMakeTmp

Run Build Command:/usr/bin/gmake "cmTryCompileExec3523674657/fast"
/usr/bin/gmake -f CMakeFiles/cmTryCompileExec3523674657.dir/build.make CMakeFiles/cmTryCompileExec3523674657.dir/build
gmake[1]: Entering directory `/gpfs/home/hermann/eigen/build/CMakeFiles/CMakeTmp'
/usr/bin/cmake -E cmake_progress_report /gpfs/home/hermann/eigen/build/CMakeFiles/CMakeTmp/CMakeFiles 1
Building CXX object CMakeFiles/cmTryCompileExec3523674657.dir/CMakeCXXCompilerABI.cpp.o
/usr/bin/c++     -o CMakeFiles/cmTryCompileExec3523674657.dir/CMakeCXXCompilerABI.cpp.o -c /usr/share/cmake/Modules/CMakeCXXCompilerABI.cpp
Linking CXX executable cmTryCompileExec3523674657
/usr/bin/cmake -E cmake_link_script CMakeFiles/cmTryCompileExec3523674657.dir/link.txt --verbose=1
/usr/bin/c++      -v CMakeFiles/cmTryCompileExec3523674657.dir/CMakeCXXCompilerABI.cpp.o  -o cmTryCompileExec3523674657 -rdynamic  
Using built-in specs.
COLLECT_GCC=/usr/bin/c++
COLLECT_LTO_WRAPPER=/usr/libexec/gcc/x86_64-redhat-linux/4.8.5/lto-wrapper
Target: x86_64-redhat-linux
Configured with: ../configure --prefix=/usr --mandir=/usr/share/man --infodir=/usr/share/info --with-bugurl=http://bugzilla.redhat.com/bugzilla --enable-bootstrap --enable-shared --enable-threads=posix --enable-checking=release --with-system-zlib --enable-__cxa_atexit --disable-libunwind-exceptions --enable-gnu-unique-object --enable-linker-build-id --with-linker-hash-style=gnu --enable-languages=c,c++,objc,obj-c++,java,fortran,ada,go,lto --enable-plugin --enable-initfini-array --disable-libgcj --with-isl=/builddir/build/BUILD/gcc-4.8.5-20150702/obj-x86_64-redhat-linux/isl-install --with-cloog=/builddir/build/BUILD/gcc-4.8.5-20150702/obj-x86_64-redhat-linux/cloog-install --enable-gnu-indirect-function --with-tune=generic --with-arch_32=x86-64 --build=x86_64-redhat-linux
Thread model: posix
gcc version 4.8.5 20150623 (Red Hat 4.8.5-36) (GCC) 
COMPILER_PATH=/usr/libexec/gcc/x86_64-redhat-linux/4.8.5/:/usr/libexec/gcc/x86_64-redhat-linux/4.8.5/:/usr/libexec/gcc/x86_64-redhat-linux/:/usr/lib/gcc/x86_64-redhat-linux/4.8.5/:/usr/lib/gcc/x86_64-redhat-linux/
LIBRARY_PATH=/usr/lib/gcc/x86_64-redhat-linux/4.8.5/:/usr/lib/gcc/x86_64-redhat-linux/4.8.5/../../../../lib64/:/lib/../lib64/:/usr/lib/../lib64/:/usr/lib/gcc/x86_64-redhat-linux/4.8.5/../../../:/lib/:/usr/lib/
COLLECT_GCC_OPTIONS='-v' '-o' 'cmTryCompileExec3523674657' '-rdynamic' '-shared-libgcc' '-mtune=generic' '-march=x86-64'
 /usr/libexec/gcc/x86_64-redhat-linux/4.8.5/collect2 --build-id --no-add-needed --eh-frame-hdr --hash-style=gnu -m elf_x86_64 -export-dynamic -dynamic-linker /lib64/ld-linux-x86-64.so.2 -o cmTryCompileExec3523674657 /usr/lib/gcc/x86_64-redhat-linux/4.8.5/../../../../lib64/crt1.o /usr/lib/gcc/x86_64-redhat-linux/4.8.5/../../../../lib64/crti.o /usr/lib/gcc/x86_64-redhat-linux/4.8.5/crtbegin.o -L/usr/lib/gcc/x86_64-redhat-linux/4.8.5 -L/usr/lib/gcc/x86_64-redhat-linux/4.8.5/../../../../lib64 -L/lib/../lib64 -L/usr/lib/../lib64 -L/usr/lib/gcc/x86_64-redhat-linux/4.8.5/../../.. CMakeFiles/cmTryCompileExec3523674657.dir/CMakeCXXCompilerABI.cpp.o -lstdc++ -lm -lgcc_s -lgcc -lc -lgcc_s -lgcc /usr/lib/gcc/x86_64-redhat-linux/4.8.5/crtend.o /usr/lib/gcc/x86_64-redhat-linux/4.8.5/../../../../lib64/crtn.o
gmake[1]: Leaving directory `/gpfs/home/hermann/eigen/build/CMakeFiles/CMakeTmp'


Parsed CXX implicit link information from above output:
  link line regex: [^( *|.*[/\])(ld|([^/\]+-)?ld|collect2)[^/\]*( |$)]
  ignore line: [Change Dir: /gpfs/home/hermann/eigen/build/CMakeFiles/CMakeTmp]
  ignore line: []
  ignore line: [Run Build Command:/usr/bin/gmake "cmTryCompileExec3523674657/fast"]
  ignore line: [/usr/bin/gmake -f CMakeFiles/cmTryCompileExec3523674657.dir/build.make CMakeFiles/cmTryCompileExec3523674657.dir/build]
  ignore line: [gmake[1]: Entering directory `/gpfs/home/hermann/eigen/build/CMakeFiles/CMakeTmp']
  ignore line: [/usr/bin/cmake -E cmake_progress_report /gpfs/home/hermann/eigen/build/CMakeFiles/CMakeTmp/CMakeFiles 1]
  ignore line: [Building CXX object CMakeFiles/cmTryCompileExec3523674657.dir/CMakeCXXCompilerABI.cpp.o]
  ignore line: [/usr/bin/c++     -o CMakeFiles/cmTryCompileExec3523674657.dir/CMakeCXXCompilerABI.cpp.o -c /usr/share/cmake/Modules/CMakeCXXCompilerABI.cpp]
  ignore line: [Linking CXX executable cmTryCompileExec3523674657]
  ignore line: [/usr/bin/cmake -E cmake_link_script CMakeFiles/cmTryCompileExec3523674657.dir/link.txt --verbose=1]
  ignore line: [/usr/bin/c++      -v CMakeFiles/cmTryCompileExec3523674657.dir/CMakeCXXCompilerABI.cpp.o  -o cmTryCompileExec3523674657 -rdynamic  ]
  ignore line: [Using built-in specs.]
  ignore line: [COLLECT_GCC=/usr/bin/c++]
  ignore line: [COLLECT_LTO_WRAPPER=/usr/libexec/gcc/x86_64-redhat-linux/4.8.5/lto-wrapper]
  ignore line: [Target: x86_64-redhat-linux]
  ignore line: [Configured with: ../configure --prefix=/usr --mandir=/usr/share/man --infodir=/usr/share/info --with-bugurl=http://bugzilla.redhat.com/bugzilla --enable-bootstrap --enable-shared --enable-threads=posix --enable-checking=release --with-system-zlib --enable-__cxa_atexit --disable-libunwind-exceptions --enable-gnu-unique-object --enable-linker-build-id --with-linker-hash-style=gnu --enable-languages=c,c++,objc,obj-c++,java,fortran,ada,go,lto --enable-plugin --enable-initfini-array --disable-libgcj --with-isl=/builddir/build/BUILD/gcc-4.8.5-20150702/obj-x86_64-redhat-linux/isl-install --with-cloog=/builddir/build/BUILD/gcc-4.8.5-20150702/obj-x86_64-redhat-linux/cloog-install --enable-gnu-indirect-function --with-tune=generic --with-arch_32=x86-64 --build=x86_64-redhat-linux]
  ignore line: [Thread model: posix]
  ignore line: [gcc version 4.8.5 20150623 (Red Hat 4.8.5-36) (GCC) ]
  ignore line: [COMPILER_PATH=/usr/libexec/gcc/x86_64-redhat-linux/4.8.5/:/usr/libexec/gcc/x86_64-redhat-linux/4.8.5/:/usr/libexec/gcc/x86_64-redhat-linux/:/usr/lib/gcc/x86_64-redhat-linux/4.8.5/:/usr/lib/gcc/x86_64-redhat-linux/]
  ignore line: [LIBRARY_PATH=/usr/lib/gcc/x86_64-redhat-linux/4.8.5/:/usr/lib/gcc/x86_64-redhat-linux/4.8.5/../../../../lib64/:/lib/../lib64/:/usr/lib/../lib64/:/usr/lib/gcc/x86_64-redhat-linux/4.8.5/../../../:/lib/:/usr/lib/]
  ignore line: [COLLECT_GCC_OPTIONS='-v' '-o' 'cmTryCompileExec3523674657' '-rdynamic' '-shared-libgcc' '-mtune=generic' '-march=x86-64']
  link line: [ /usr/libexec/gcc/x86_64-redhat-linux/4.8.5/collect2 --build-id --no-add-needed --eh-frame-hdr --hash-style=gnu -m elf_x86_64 -export-dynamic -dynamic-linker /lib64/ld-linux-x86-64.so.2 -o cmTryCompileExec3523674657 /usr/lib/gcc/x86_64-redhat-linux/4.8.5/../../../../lib64/crt1.o /usr/lib/gcc/x86_64-redhat-linux/4.8.5/../../../../lib64/crti.o /usr/lib/gcc/x86_64-redhat-linux/4.8.5/crtbegin.o -L/usr/lib/gcc/x86_64-redhat-linux/4.8.5 -L/usr/lib/gcc/x86_64-redhat-linux/4.8.5/../../../../lib64 -L/lib/../lib64 -L/usr/lib/../lib64 -L/usr/lib/gcc/x86_64-redhat-linux/4.8.5/../../.. CMakeFiles/cmTryCompileExec3523674657.dir/CMakeCXXCompilerABI.cpp.o -lstdc++ -lm -lgcc_s -lgcc -lc -lgcc_s -lgcc /usr/lib/gcc/x86_64-redhat-linux/4.8.5/crtend.o /usr/lib/gcc/x86_64-redhat-linux/4.8.5/../../../../lib64/crtn.o]
    arg [/usr/libexec/gcc/x86_64-redhat-linux/4.8.5/collect2] ==> ignore
    arg [--build-id] ==> ignore
    arg [--no-add-needed] ==> ignore
    arg [--eh-frame-hdr] ==> ignore
    arg [--hash-style=gnu] ==> ignore
    arg [-m] ==> ignore
    arg [elf_x86_64] ==> ignore
    arg [-export-dynamic] ==> ignore
    arg [-dynamic-linker] ==> ignore
    arg [/lib64/ld-linux-x86-64.so.2] ==> ignore
    arg [-o] ==> ignore
    arg [cmTryCompileExec3523674657] ==> ignore
    arg [/usr/lib/gcc/x86_64-redhat-linux/4.8.5/../../../../lib64/crt1.o] ==> ignore
    arg [/usr/lib/gcc/x86_64-redhat-linux/4.8.5/../../../../lib64/crti.o] ==> ignore
    arg [/usr/lib/gcc/x86_64-redhat-linux/4.8.5/crtbegin.o] ==> ignore
    arg [-L/usr/lib/gcc/x86_64-redhat-linux/4.8.5] ==> dir [/usr/lib/gcc/x86_64-redhat-linux/4.8.5]
    arg [-L/usr/lib/gcc/x86_64-redhat-linux/4.8.5/../../../../lib64] ==> dir [/usr/lib/gcc/x86_64-redhat-linux/4.8.5/../../../../lib64]
    arg [-L/lib/../lib64] ==> dir [/lib/../lib64]
    arg [-L/usr/lib/../lib64] ==> dir [/usr/lib/../lib64]
    arg [-L/usr/lib/gcc/x86_64-redhat-linux/4.8.5/../../..] ==> dir [/usr/lib/gcc/x86_64-redhat-linux/4.8.5/../../..]
    arg [CMakeFiles/cmTryCompileExec3523674657.dir/CMakeCXXCompilerABI.cpp.o] ==> ignore
    arg [-lstdc++] ==> lib [stdc++]
    arg [-lm] ==> lib [m]
    arg [-lgcc_s] ==> lib [gcc_s]
    arg [-lgcc] ==> lib [gcc]
    arg [-lc] ==> lib [c]
    arg [-lgcc_s] ==> lib [gcc_s]
    arg [-lgcc] ==> lib [gcc]
    arg [/usr/lib/gcc/x86_64-redhat-linux/4.8.5/crtend.o] ==> ignore
    arg [/usr/lib/gcc/x86_64-redhat-linux/4.8.5/../../../../lib64/crtn.o] ==> ignore
  remove lib [gcc_s]
  remove lib [gcc]
  remove lib [gcc_s]
  remove lib [gcc]
  collapse library dir [/usr/lib/gcc/x86_64-redhat-linux/4.8.5] ==> [/usr/lib/gcc/x86_64-redhat-linux/4.8.5]
  collapse library dir [/usr/lib/gcc/x86_64-redhat-linux/4.8.5/../../../../lib64] ==> [/usr/lib64]
  collapse library dir [/lib/../lib64] ==> [/lib64]
  collapse library dir [/usr/lib/../lib64] ==> [/usr/lib64]
  collapse library dir [/usr/lib/gcc/x86_64-redhat-linux/4.8.5/../../..] ==> [/usr/lib]
  implicit libs: [stdc++;m;c]
  implicit dirs: [/usr/lib/gcc/x86_64-redhat-linux/4.8.5;/usr/lib64;/lib64;/usr/lib]
  implicit fwks: []


Performing C++ SOURCE FILE Test EIGEN_COMPILER_SUPPORT_CPP11 succeded with the following output:
Change Dir: /gpfs/home/hermann/eigen/build/CMakeFiles/CMakeTmp

Run Build Command:/usr/bin/gmake "cmTryCompileExec3797468492/fast"
/usr/bin/gmake -f CMakeFiles/cmTryCompileExec3797468492.dir/build.make CMakeFiles/cmTryCompileExec3797468492.dir/build
gmake[1]: Entering directory `/gpfs/home/hermann/eigen/build/CMakeFiles/CMakeTmp'
/usr/bin/cmake -E cmake_progress_report /gpfs/home/hermann/eigen/build/CMakeFiles/CMakeTmp/CMakeFiles 1
Building CXX object CMakeFiles/cmTryCompileExec3797468492.dir/src.cxx.o
/usr/bin/c++    -DEIGEN_COMPILER_SUPPORT_CPP11   -std=c++11 -o CMakeFiles/cmTryCompileExec3797468492.dir/src.cxx.o -c /gpfs/home/hermann/eigen/build/CMakeFiles/CMakeTmp/src.cxx
Linking CXX executable cmTryCompileExec3797468492
/usr/bin/cmake -E cmake_link_script CMakeFiles/cmTryCompileExec3797468492.dir/link.txt --verbose=1
/usr/bin/c++    -DEIGEN_COMPILER_SUPPORT_CPP11    CMakeFiles/cmTryCompileExec3797468492.dir/src.cxx.o  -o cmTryCompileExec3797468492 -rdynamic 
gmake[1]: Leaving directory `/gpfs/home/hermann/eigen/build/CMakeFiles/CMakeTmp'

Source file was:
int main() { return 0;}
Performing C++ SOURCE FILE Test COMPILER_SUPPORT_std=cpp03 succeded with the following output:
Change Dir: /gpfs/home/hermann/eigen/build/CMakeFiles/CMakeTmp

Run Build Command:/usr/bin/gmake "cmTryCompileExec1081097093/fast"
/usr/bin/gmake -f CMakeFiles/cmTryCompileExec1081097093.dir/build.make CMakeFiles/cmTryCompileExec1081097093.dir/build
gmake[1]: Entering directory `/gpfs/home/hermann/eigen/build/CMakeFiles/CMakeTmp'
/usr/bin/cmake -E cmake_progress_report /gpfs/home/hermann/eigen/build/CMakeFiles/CMakeTmp/CMakeFiles 1
Building CXX object CMakeFiles/cmTryCompileExec1081097093.dir/src.cxx.o
/usr/bin/c++    -DCOMPILER_SUPPORT_std=cpp03   -std=c++03 -o CMakeFiles/cmTryCompileExec1081097093.dir/src.cxx.o -c /gpfs/home/hermann/eigen/build/CMakeFiles/CMakeTmp/src.cxx
Linking CXX executable cmTryCompileExec1081097093
/usr/bin/cmake -E cmake_link_script CMakeFiles/cmTryCompileExec1081097093.dir/link.txt --verbose=1
/usr/bin/c++    -DCOMPILER_SUPPORT_std=cpp03    CMakeFiles/cmTryCompileExec1081097093.dir/src.cxx.o  -o cmTryCompileExec1081097093 -rdynamic 
gmake[1]: Leaving directory `/gpfs/home/hermann/eigen/build/CMakeFiles/CMakeTmp'

Source file was:
int main() { return 0;}
Performing C++ SOURCE FILE Test standard_math_library_linked_to_automatically succeded with the following output:
Change Dir: /gpfs/home/hermann/eigen/build/CMakeFiles/CMakeTmp

Run Build Command:/usr/bin/gmake "cmTryCompileExec3826568855/fast"
/usr/bin/gmake -f CMakeFiles/cmTryCompileExec3826568855.dir/build.make CMakeFiles/cmTryCompileExec3826568855.dir/build
gmake[1]: Entering directory `/gpfs/home/hermann/eigen/build/CMakeFiles/CMakeTmp'
/usr/bin/cmake -E cmake_progress_report /gpfs/home/hermann/eigen/build/CMakeFiles/CMakeTmp/CMakeFiles 1
Building CXX object CMakeFiles/cmTryCompileExec3826568855.dir/src.cxx.o
/usr/bin/c++    -std=c++03 -Dstandard_math_library_linked_to_automatically   -o CMakeFiles/cmTryCompileExec3826568855.dir/src.cxx.o -c /gpfs/home/hermann/eigen/build/CMakeFiles/CMakeTmp/src.cxx
Linking CXX executable cmTryCompileExec3826568855
/usr/bin/cmake -E cmake_link_script CMakeFiles/cmTryCompileExec3826568855.dir/link.txt --verbose=1
/usr/bin/c++    -std=c++03 -Dstandard_math_library_linked_to_automatically    CMakeFiles/cmTryCompileExec3826568855.dir/src.cxx.o  -o cmTryCompileExec3826568855 -rdynamic 
gmake[1]: Leaving directory `/gpfs/home/hermann/eigen/build/CMakeFiles/CMakeTmp'

Source file was:
#include<cmath>
int main() { std::sin(0.0); std::log(0.0f); }
Performing C++ SOURCE FILE Test COMPILER_SUPPORT_WERROR succeded with the following output:
Change Dir: /gpfs/home/hermann/eigen/build/CMakeFiles/CMakeTmp

Run Build Command:/usr/bin/gmake "cmTryCompileExec4228986216/fast"
/usr/bin/gmake -f CMakeFiles/cmTryCompileExec4228986216.dir/build.make CMakeFiles/cmTryCompileExec4228986216.dir/build
gmake[1]: Entering directory `/gpfs/home/hermann/eigen/build/CMakeFiles/CMakeTmp'
/usr/bin/cmake -E cmake_progress_report /gpfs/home/hermann/eigen/build/CMakeFiles/CMakeTmp/CMakeFiles 1
Building CXX object CMakeFiles/cmTryCompileExec4228986216.dir/src.cxx.o
/usr/bin/c++    -std=c++03 -DCOMPILER_SUPPORT_WERROR   -Werror -o CMakeFiles/cmTryCompileExec4228986216.dir/src.cxx.o -c /gpfs/home/hermann/eigen/build/CMakeFiles/CMakeTmp/src.cxx
Linking CXX executable cmTryCompileExec4228986216
/usr/bin/cmake -E cmake_link_script CMakeFiles/cmTryCompileExec4228986216.dir/link.txt --verbose=1
/usr/bin/c++    -std=c++03 -DCOMPILER_SUPPORT_WERROR    CMakeFiles/cmTryCompileExec4228986216.dir/src.cxx.o  -o cmTryCompileExec4228986216 -rdynamic 
gmake[1]: Leaving directory `/gpfs/home/hermann/eigen/build/CMakeFiles/CMakeTmp'

Source file was:
int main() { return 0;}
Performing C++ SOURCE FILE Test COMPILER_SUPPORT_pedantic succeded with the following output:
Change Dir: /gpfs/home/hermann/eigen/build/CMakeFiles/CMakeTmp

Run Build Command:/usr/bin/gmake "cmTryCompileExec1899972873/fast"
/usr/bin/gmake -f CMakeFiles/cmTryCompileExec1899972873.dir/build.make CMakeFiles/cmTryCompileExec1899972873.dir/build
gmake[1]: Entering directory `/gpfs/home/hermann/eigen/build/CMakeFiles/CMakeTmp'
/usr/bin/cmake -E cmake_progress_report /gpfs/home/hermann/eigen/build/CMakeFiles/CMakeTmp/CMakeFiles 1
Building CXX object CMakeFiles/cmTryCompileExec1899972873.dir/src.cxx.o
/usr/bin/c++    -std=c++03 -DCOMPILER_SUPPORT_pedantic -Werror   -pedantic -o CMakeFiles/cmTryCompileExec1899972873.dir/src.cxx.o -c /gpfs/home/hermann/eigen/build/CMakeFiles/CMakeTmp/src.cxx
Linking CXX executable cmTryCompileExec1899972873
/usr/bin/cmake -E cmake_link_script CMakeFiles/cmTryCompileExec1899972873.dir/link.txt --verbose=1
/usr/bin/c++    -std=c++03 -DCOMPILER_SUPPORT_pedantic -Werror    CMakeFiles/cmTryCompileExec1899972873.dir/src.cxx.o  -o cmTryCompileExec1899972873 -rdynamic 
gmake[1]: Leaving directory `/gpfs/home/hermann/eigen/build/CMakeFiles/CMakeTmp'

Source file was:
int main() { return 0;}
Performing C++ SOURCE FILE Test COMPILER_SUPPORT_Wall succeded with the following output:
Change Dir: /gpfs/home/hermann/eigen/build/CMakeFiles/CMakeTmp

Run Build Command:/usr/bin/gmake "cmTryCompileExec2671869693/fast"
/usr/bin/gmake -f CMakeFiles/cmTryCompileExec2671869693.dir/build.make CMakeFiles/cmTryCompileExec2671869693.dir/build
gmake[1]: Entering directory `/gpfs/home/hermann/eigen/build/CMakeFiles/CMakeTmp'
/usr/bin/cmake -E cmake_progress_report /gpfs/home/hermann/eigen/build/CMakeFiles/CMakeTmp/CMakeFiles 1
Building CXX object CMakeFiles/cmTryCompileExec2671869693.dir/src.cxx.o
/usr/bin/c++    -std=c++03 -pedantic -DCOMPILER_SUPPORT_Wall -Werror   -Wall -o CMakeFiles/cmTryCompileExec2671869693.dir/src.cxx.o -c /gpfs/home/hermann/eigen/build/CMakeFiles/CMakeTmp/src.cxx
Linking CXX executable cmTryCompileExec2671869693
/usr/bin/cmake -E cmake_link_script CMakeFiles/cmTryCompileExec2671869693.dir/link.txt --verbose=1
/usr/bin/c++    -std=c++03 -pedantic -DCOMPILER_SUPPORT_Wall -Werror    CMakeFiles/cmTryCompileExec2671869693.dir/src.cxx.o  -o cmTryCompileExec2671869693 -rdynamic 
gmake[1]: Leaving directory `/gpfs/home/hermann/eigen/build/CMakeFiles/CMakeTmp'

Source file was:
int main() { return 0;}
Performing C++ SOURCE FILE Test COMPILER_SUPPORT_Wextra succeded with the following output:
Change Dir: /gpfs/home/hermann/eigen/build/CMakeFiles/CMakeTmp

Run Build Command:/usr/bin/gmake "cmTryCompileExec3367862728/fast"
/usr/bin/gmake -f CMakeFiles/cmTryCompileExec3367862728.dir/build.make CMakeFiles/cmTryCompileExec3367862728.dir/build
gmake[1]: Entering directory `/gpfs/home/hermann/eigen/build/CMakeFiles/CMakeTmp'
/usr/bin/cmake -E cmake_progress_report /gpfs/home/hermann/eigen/build/CMakeFiles/CMakeTmp/CMakeFiles 1
Building CXX object CMakeFiles/cmTryCompileExec3367862728.dir/src.cxx.o
/usr/bin/c++    -std=c++03 -pedantic -Wall -DCOMPILER_SUPPORT_Wextra -Werror   -Wextra -o CMakeFiles/cmTryCompileExec3367862728.dir/src.cxx.o -c /gpfs/home/hermann/eigen/build/CMakeFiles/CMakeTmp/src.cxx
Linking CXX executable cmTryCompileExec3367862728
/usr/bin/cmake -E cmake_link_script CMakeFiles/cmTryCompileExec3367862728.dir/link.txt --verbose=1
/usr/bin/c++    -std=c++03 -pedantic -Wall -DCOMPILER_SUPPORT_Wextra -Werror    CMakeFiles/cmTryCompileExec3367862728.dir/src.cxx.o  -o cmTryCompileExec3367862728 -rdynamic 
gmake[1]: Leaving directory `/gpfs/home/hermann/eigen/build/CMakeFiles/CMakeTmp'

Source file was:
int main() { return 0;}
Performing C++ SOURCE FILE Test COMPILER_SUPPORT_Wundef succeded with the following output:
Change Dir: /gpfs/home/hermann/eigen/build/CMakeFiles/CMakeTmp

Run Build Command:/usr/bin/gmake "cmTryCompileExec1328110286/fast"
/usr/bin/gmake -f CMakeFiles/cmTryCompileExec1328110286.dir/build.make CMakeFiles/cmTryCompileExec1328110286.dir/build
gmake[1]: Entering directory `/gpfs/home/hermann/eigen/build/CMakeFiles/CMakeTmp'
/usr/bin/cmake -E cmake_progress_report /gpfs/home/hermann/eigen/build/CMakeFiles/CMakeTmp/CMakeFiles 1
Building CXX object CMakeFiles/cmTryCompileExec1328110286.dir/src.cxx.o
/usr/bin/c++    -std=c++03 -pedantic -Wall -Wextra -DCOMPILER_SUPPORT_Wundef -Werror   -Wundef -o CMakeFiles/cmTryCompileExec1328110286.dir/src.cxx.o -c /gpfs/home/hermann/eigen/build/CMakeFiles/CMakeTmp/src.cxx
Linking CXX executable cmTryCompileExec1328110286
/usr/bin/cmake -E cmake_link_script CMakeFiles/cmTryCompileExec1328110286.dir/link.txt --verbose=1
/usr/bin/c++    -std=c++03 -pedantic -Wall -Wextra -DCOMPILER_SUPPORT_Wundef -Werror    CMakeFiles/cmTryCompileExec1328110286.dir/src.cxx.o  -o cmTryCompileExec1328110286 -rdynamic 
gmake[1]: Leaving directory `/gpfs/home/hermann/eigen/build/CMakeFiles/CMakeTmp'

Source file was:
int main() { return 0;}
Performing C++ SOURCE FILE Test COMPILER_SUPPORT_Wcastalign succeded with the following output:
Change Dir: /gpfs/home/hermann/eigen/build/CMakeFiles/CMakeTmp

Run Build Command:/usr/bin/gmake "cmTryCompileExec2173837455/fast"
/usr/bin/gmake -f CMakeFiles/cmTryCompileExec2173837455.dir/build.make CMakeFiles/cmTryCompileExec2173837455.dir/build
gmake[1]: Entering directory `/gpfs/home/hermann/eigen/build/CMakeFiles/CMakeTmp'
/usr/bin/cmake -E cmake_progress_report /gpfs/home/hermann/eigen/build/CMakeFiles/CMakeTmp/CMakeFiles 1
Building CXX object CMakeFiles/cmTryCompileExec2173837455.dir/src.cxx.o
/usr/bin/c++    -std=c++03 -pedantic -Wall -Wextra -Wundef -DCOMPILER_SUPPORT_Wcastalign -Werror   -Wcast-align -o CMakeFiles/cmTryCompileExec2173837455.dir/src.cxx.o -c /gpfs/home/hermann/eigen/build/CMakeFiles/CMakeTmp/src.cxx
Linking CXX executable cmTryCompileExec2173837455
/usr/bin/cmake -E cmake_link_script CMakeFiles/cmTryCompileExec2173837455.dir/link.txt --verbose=1
/usr/bin/c++    -std=c++03 -pedantic -Wall -Wextra -Wundef -DCOMPILER_SUPPORT_Wcastalign -Werror    CMakeFiles/cmTryCompileExec2173837455.dir/src.cxx.o  -o cmTryCompileExec2173837455 -rdynamic 
gmake[1]: Leaving directory `/gpfs/home/hermann/eigen/build/CMakeFiles/CMakeTmp'

Source file was:
int main() { return 0;}
Performing C++ SOURCE FILE Test COMPILER_SUPPORT_Wcharsubscripts succeded with the following output:
Change Dir: /gpfs/home/hermann/eigen/build/CMakeFiles/CMakeTmp

Run Build Command:/usr/bin/gmake "cmTryCompileExec3204380270/fast"
/usr/bin/gmake -f CMakeFiles/cmTryCompileExec3204380270.dir/build.make CMakeFiles/cmTryCompileExec3204380270.dir/build
gmake[1]: Entering directory `/gpfs/home/hermann/eigen/build/CMakeFiles/CMakeTmp'
/usr/bin/cmake -E cmake_progress_report /gpfs/home/hermann/eigen/build/CMakeFiles/CMakeTmp/CMakeFiles 1
Building CXX object CMakeFiles/cmTryCompileExec3204380270.dir/src.cxx.o
/usr/bin/c++    -std=c++03 -pedantic -Wall -Wextra -Wundef -Wcast-align -DCOMPILER_SUPPORT_Wcharsubscripts -Werror   -Wchar-subscripts -o CMakeFiles/cmTryCompileExec3204380270.dir/src.cxx.o -c /gpfs/home/hermann/eigen/build/CMakeFiles/CMakeTmp/src.cxx
Linking CXX executable cmTryCompileExec3204380270
/usr/bin/cmake -E cmake_link_script CMakeFiles/cmTryCompileExec3204380270.dir/link.txt --verbose=1
/usr/bin/c++    -std=c++03 -pedantic -Wall -Wextra -Wundef -Wcast-align -DCOMPILER_SUPPORT_Wcharsubscripts -Werror    CMakeFiles/cmTryCompileExec3204380270.dir/src.cxx.o  -o cmTryCompileExec3204380270 -rdynamic 
gmake[1]: Leaving directory `/gpfs/home/hermann/eigen/build/CMakeFiles/CMakeTmp'

Source file was:
int main() { return 0;}
Performing C++ SOURCE FILE Test COMPILER_SUPPORT_Wnonvirtualdtor succeded with the following output:
Change Dir: /gpfs/home/hermann/eigen/build/CMakeFiles/CMakeTmp

Run Build Command:/usr/bin/gmake "cmTryCompileExec3843622263/fast"
/usr/bin/gmake -f CMakeFiles/cmTryCompileExec3843622263.dir/build.make CMakeFiles/cmTryCompileExec3843622263.dir/build
gmake[1]: Entering directory `/gpfs/home/hermann/eigen/build/CMakeFiles/CMakeTmp'
/usr/bin/cmake -E cmake_progress_report /gpfs/home/hermann/eigen/build/CMakeFiles/CMakeTmp/CMakeFiles 1
Building CXX object CMakeFiles/cmTryCompileExec3843622263.dir/src.cxx.o
/usr/bin/c++    -std=c++03 -pedantic -Wall -Wextra -Wundef -Wcast-align -Wchar-subscripts -DCOMPILER_SUPPORT_Wnonvirtualdtor -Werror   -Wnon-virtual-dtor -o CMakeFiles/cmTryCompileExec3843622263.dir/src.cxx.o -c /gpfs/home/hermann/eigen/build/CMakeFiles/CMakeTmp/src.cxx
Linking CXX executable cmTryCompileExec3843622263
/usr/bin/cmake -E cmake_link_script CMakeFiles/cmTryCompileExec3843622263.dir/link.txt --verbose=1
/usr/bin/c++    -std=c++03 -pedantic -Wall -Wextra -Wundef -Wcast-align -Wchar-subscripts -DCOMPILER_SUPPORT_Wnonvirtualdtor -Werror    CMakeFiles/cmTryCompileExec3843622263.dir/src.cxx.o  -o cmTryCompileExec3843622263 -rdynamic 
gmake[1]: Leaving directory `/gpfs/home/hermann/eigen/build/CMakeFiles/CMakeTmp'

Source file was:
int main() { return 0;}
Performing C++ SOURCE FILE Test COMPILER_SUPPORT_Wunusedlocaltypedefs succeded with the following output:
Change Dir: /gpfs/home/hermann/eigen/build/CMakeFiles/CMakeTmp

Run Build Command:/usr/bin/gmake "cmTryCompileExec1148432580/fast"
/usr/bin/gmake -f CMakeFiles/cmTryCompileExec1148432580.dir/build.make CMakeFiles/cmTryCompileExec1148432580.dir/build
gmake[1]: Entering directory `/gpfs/home/hermann/eigen/build/CMakeFiles/CMakeTmp'
/usr/bin/cmake -E cmake_progress_report /gpfs/home/hermann/eigen/build/CMakeFiles/CMakeTmp/CMakeFiles 1
Building CXX object CMakeFiles/cmTryCompileExec1148432580.dir/src.cxx.o
/usr/bin/c++    -std=c++03 -pedantic -Wall -Wextra -Wundef -Wcast-align -Wchar-subscripts -Wnon-virtual-dtor -DCOMPILER_SUPPORT_Wunusedlocaltypedefs -Werror   -Wunused-local-typedefs -o CMakeFiles/cmTryCompileExec1148432580.dir/src.cxx.o -c /gpfs/home/hermann/eigen/build/CMakeFiles/CMakeTmp/src.cxx
Linking CXX executable cmTryCompileExec1148432580
/usr/bin/cmake -E cmake_link_script CMakeFiles/cmTryCompileExec1148432580.dir/link.txt --verbose=1
/usr/bin/c++    -std=c++03 -pedantic -Wall -Wextra -Wundef -Wcast-align -Wchar-subscripts -Wnon-virtual-dtor -DCOMPILER_SUPPORT_Wunusedlocaltypedefs -Werror    CMakeFiles/cmTryCompileExec1148432580.dir/src.cxx.o  -o cmTryCompileExec1148432580 -rdynamic 
gmake[1]: Leaving directory `/gpfs/home/hermann/eigen/build/CMakeFiles/CMakeTmp'

Source file was:
int main() { return 0;}
Performing C++ SOURCE FILE Test COMPILER_SUPPORT_Wpointerarith succeded with the following output:
Change Dir: /gpfs/home/hermann/eigen/build/CMakeFiles/CMakeTmp

Run Build Command:/usr/bin/gmake "cmTryCompileExec2955144696/fast"
/usr/bin/gmake -f CMakeFiles/cmTryCompileExec2955144696.dir/build.make CMakeFiles/cmTryCompileExec2955144696.dir/build
gmake[1]: Entering directory `/gpfs/home/hermann/eigen/build/CMakeFiles/CMakeTmp'
/usr/bin/cmake -E cmake_progress_report /gpfs/home/hermann/eigen/build/CMakeFiles/CMakeTmp/CMakeFiles 1
Building CXX object CMakeFiles/cmTryCompileExec2955144696.dir/src.cxx.o
/usr/bin/c++    -std=c++03 -pedantic -Wall -Wextra -Wundef -Wcast-align -Wchar-subscripts -Wnon-virtual-dtor -Wunused-local-typedefs -DCOMPILER_SUPPORT_Wpointerarith -Werror   -Wpointer-arith -o CMakeFiles/cmTryCompileExec2955144696.dir/src.cxx.o -c /gpfs/home/hermann/eigen/build/CMakeFiles/CMakeTmp/src.cxx
Linking CXX executable cmTryCompileExec2955144696
/usr/bin/cmake -E cmake_link_script CMakeFiles/cmTryCompileExec2955144696.dir/link.txt --verbose=1
/usr/bin/c++    -std=c++03 -pedantic -Wall -Wextra -Wundef -Wcast-align -Wchar-subscripts -Wnon-virtual-dtor -Wunused-local-typedefs -DCOMPILER_SUPPORT_Wpointerarith -Werror    CMakeFiles/cmTryCompileExec2955144696.dir/src.cxx.o  -o cmTryCompileExec2955144696 -rdynamic 
gmake[1]: Leaving directory `/gpfs/home/hermann/eigen/build/CMakeFiles/CMakeTmp'

Source file was:
int main() { return 0;}
Performing C++ SOURCE FILE Test COMPILER_SUPPORT_Wwritestrings succeded with the following output:
Change Dir: /gpfs/home/hermann/eigen/build/CMakeFiles/CMakeTmp

Run Build Command:/usr/bin/gmake "cmTryCompileExec2093305335/fast"
/usr/bin/gmake -f CMakeFiles/cmTryCompileExec2093305335.dir/build.make CMakeFiles/cmTryCompileExec2093305335.dir/build
gmake[1]: Entering directory `/gpfs/home/hermann/eigen/build/CMakeFiles/CMakeTmp'
/usr/bin/cmake -E cmake_progress_report /gpfs/home/hermann/eigen/build/CMakeFiles/CMakeTmp/CMakeFiles 1
Building CXX object CMakeFiles/cmTryCompileExec2093305335.dir/src.cxx.o
/usr/bin/c++    -std=c++03 -pedantic -Wall -Wextra -Wundef -Wcast-align -Wchar-subscripts -Wnon-virtual-dtor -Wunused-local-typedefs -Wpointer-arith -DCOMPILER_SUPPORT_Wwritestrings -Werror   -Wwrite-strings -o CMakeFiles/cmTryCompileExec2093305335.dir/src.cxx.o -c /gpfs/home/hermann/eigen/build/CMakeFiles/CMakeTmp/src.cxx
Linking CXX executable cmTryCompileExec2093305335
/usr/bin/cmake -E cmake_link_script CMakeFiles/cmTryCompileExec2093305335.dir/link.txt --verbose=1
/usr/bin/c++    -std=c++03 -pedantic -Wall -Wextra -Wundef -Wcast-align -Wchar-subscripts -Wnon-virtual-dtor -Wunused-local-typedefs -Wpointer-arith -DCOMPILER_SUPPORT_Wwritestrings -Werror    CMakeFiles/cmTryCompileExec2093305335.dir/src.cxx.o  -o cmTryCompileExec2093305335 -rdynamic 
gmake[1]: Leaving directory `/gpfs/home/hermann/eigen/build/CMakeFiles/CMakeTmp'

Source file was:
int main() { return 0;}
Performing C++ SOURCE FILE Test COMPILER_SUPPORT_Wformatsecurity succeded with the following output:
Change Dir: /gpfs/home/hermann/eigen/build/CMakeFiles/CMakeTmp

Run Build Command:/usr/bin/gmake "cmTryCompileExec4005607563/fast"
/usr/bin/gmake -f CMakeFiles/cmTryCompileExec4005607563.dir/build.make CMakeFiles/cmTryCompileExec4005607563.dir/build
gmake[1]: Entering directory `/gpfs/home/hermann/eigen/build/CMakeFiles/CMakeTmp'
/usr/bin/cmake -E cmake_progress_report /gpfs/home/hermann/eigen/build/CMakeFiles/CMakeTmp/CMakeFiles 1
Building CXX object CMakeFiles/cmTryCompileExec4005607563.dir/src.cxx.o
/usr/bin/c++    -std=c++03 -pedantic -Wall -Wextra -Wundef -Wcast-align -Wchar-subscripts -Wnon-virtual-dtor -Wunused-local-typedefs -Wpointer-arith -Wwrite-strings -DCOMPILER_SUPPORT_Wformatsecurity -Werror   -Wformat-security -o CMakeFiles/cmTryCompileExec4005607563.dir/src.cxx.o -c /gpfs/home/hermann/eigen/build/CMakeFiles/CMakeTmp/src.cxx
Linking CXX executable cmTryCompileExec4005607563
/usr/bin/cmake -E cmake_link_script CMakeFiles/cmTryCompileExec4005607563.dir/link.txt --verbose=1
/usr/bin/c++    -std=c++03 -pedantic -Wall -Wextra -Wundef -Wcast-align -Wchar-subscripts -Wnon-virtual-dtor -Wunused-local-typedefs -Wpointer-arith -Wwrite-strings -DCOMPILER_SUPPORT_Wformatsecurity -Werror    CMakeFiles/cmTryCompileExec4005607563.dir/src.cxx.o  -o cmTryCompileExec4005607563 -rdynamic 
gmake[1]: Leaving directory `/gpfs/home/hermann/eigen/build/CMakeFiles/CMakeTmp'

Source file was:
int main() { return 0;}
Performing C++ SOURCE FILE Test COMPILER_SUPPORT_Wlogicalop succeded with the following output:
Change Dir: /gpfs/home/hermann/eigen/build/CMakeFiles/CMakeTmp

Run Build Command:/usr/bin/gmake "cmTryCompileExec238778706/fast"
/usr/bin/gmake -f CMakeFiles/cmTryCompileExec238778706.dir/build.make CMakeFiles/cmTryCompileExec238778706.dir/build
gmake[1]: Entering directory `/gpfs/home/hermann/eigen/build/CMakeFiles/CMakeTmp'
/usr/bin/cmake -E cmake_progress_report /gpfs/home/hermann/eigen/build/CMakeFiles/CMakeTmp/CMakeFiles 1
Building CXX object CMakeFiles/cmTryCompileExec238778706.dir/src.cxx.o
/usr/bin/c++    -std=c++03 -pedantic -Wall -Wextra -Wundef -Wcast-align -Wchar-subscripts -Wnon-virtual-dtor -Wunused-local-typedefs -Wpointer-arith -Wwrite-strings -Wformat-security -DCOMPILER_SUPPORT_Wlogicalop -Werror   -Wlogical-op -o CMakeFiles/cmTryCompileExec238778706.dir/src.cxx.o -c /gpfs/home/hermann/eigen/build/CMakeFiles/CMakeTmp/src.cxx
Linking CXX executable cmTryCompileExec238778706
/usr/bin/cmake -E cmake_link_script CMakeFiles/cmTryCompileExec238778706.dir/link.txt --verbose=1
/usr/bin/c++    -std=c++03 -pedantic -Wall -Wextra -Wundef -Wcast-align -Wchar-subscripts -Wnon-virtual-dtor -Wunused-local-typedefs -Wpointer-arith -Wwrite-strings -Wformat-security -DCOMPILER_SUPPORT_Wlogicalop -Werror    CMakeFiles/cmTryCompileExec238778706.dir/src.cxx.o  -o cmTryCompileExec238778706 -rdynamic 
gmake[1]: Leaving directory `/gpfs/home/hermann/eigen/build/CMakeFiles/CMakeTmp'

Source file was:
int main() { return 0;}
Performing C++ SOURCE FILE Test COMPILER_SUPPORT_Wdoublepromotion succeded with the following output:
Change Dir: /gpfs/home/hermann/eigen/build/CMakeFiles/CMakeTmp

Run Build Command:/usr/bin/gmake "cmTryCompileExec3542746437/fast"
/usr/bin/gmake -f CMakeFiles/cmTryCompileExec3542746437.dir/build.make CMakeFiles/cmTryCompileExec3542746437.dir/build
gmake[1]: Entering directory `/gpfs/home/hermann/eigen/build/CMakeFiles/CMakeTmp'
/usr/bin/cmake -E cmake_progress_report /gpfs/home/hermann/eigen/build/CMakeFiles/CMakeTmp/CMakeFiles 1
Building CXX object CMakeFiles/cmTryCompileExec3542746437.dir/src.cxx.o
/usr/bin/c++    -std=c++03 -pedantic -Wall -Wextra -Wundef -Wcast-align -Wchar-subscripts -Wnon-virtual-dtor -Wunused-local-typedefs -Wpointer-arith -Wwrite-strings -Wformat-security -Wlogical-op -DCOMPILER_SUPPORT_Wdoublepromotion -Werror   -Wdouble-promotion -o CMakeFiles/cmTryCompileExec3542746437.dir/src.cxx.o -c /gpfs/home/hermann/eigen/build/CMakeFiles/CMakeTmp/src.cxx
Linking CXX executable cmTryCompileExec3542746437
/usr/bin/cmake -E cmake_link_script CMakeFiles/cmTryCompileExec3542746437.dir/link.txt --verbose=1
/usr/bin/c++    -std=c++03 -pedantic -Wall -Wextra -Wundef -Wcast-align -Wchar-subscripts -Wnon-virtual-dtor -Wunused-local-typedefs -Wpointer-arith -Wwrite-strings -Wformat-security -Wlogical-op -DCOMPILER_SUPPORT_Wdoublepromotion -Werror    CMakeFiles/cmTryCompileExec3542746437.dir/src.cxx.o  -o cmTryCompileExec3542746437 -rdynamic 
gmake[1]: Leaving directory `/gpfs/home/hermann/eigen/build/CMakeFiles/CMakeTmp'

Source file was:
int main() { return 0;}
Performing C++ SOURCE FILE Test COMPILER_SUPPORT_Wnopsabi succeded with the following output:
Change Dir: /gpfs/home/hermann/eigen/build/CMakeFiles/CMakeTmp

Run Build Command:/usr/bin/gmake "cmTryCompileExec3286129924/fast"
/usr/bin/gmake -f CMakeFiles/cmTryCompileExec3286129924.dir/build.make CMakeFiles/cmTryCompileExec3286129924.dir/build
gmake[1]: Entering directory `/gpfs/home/hermann/eigen/build/CMakeFiles/CMakeTmp'
/usr/bin/cmake -E cmake_progress_report /gpfs/home/hermann/eigen/build/CMakeFiles/CMakeTmp/CMakeFiles 1
Building CXX object CMakeFiles/cmTryCompileExec3286129924.dir/src.cxx.o
/usr/bin/c++    -std=c++03 -pedantic -Wall -Wextra -Wundef -Wcast-align -Wchar-subscripts -Wnon-virtual-dtor -Wunused-local-typedefs -Wpointer-arith -Wwrite-strings -Wformat-security -Wlogical-op -Wdouble-promotion -DCOMPILER_SUPPORT_Wnopsabi -Werror   -Wno-psabi -o CMakeFiles/cmTryCompileExec3286129924.dir/src.cxx.o -c /gpfs/home/hermann/eigen/build/CMakeFiles/CMakeTmp/src.cxx
Linking CXX executable cmTryCompileExec3286129924
/usr/bin/cmake -E cmake_link_script CMakeFiles/cmTryCompileExec3286129924.dir/link.txt --verbose=1
/usr/bin/c++    -std=c++03 -pedantic -Wall -Wextra -Wundef -Wcast-align -Wchar-subscripts -Wnon-virtual-dtor -Wunused-local-typedefs -Wpointer-arith -Wwrite-strings -Wformat-security -Wlogical-op -Wdouble-promotion -DCOMPILER_SUPPORT_Wnopsabi -Werror    CMakeFiles/cmTryCompileExec3286129924.dir/src.cxx.o  -o cmTryCompileExec3286129924 -rdynamic 
gmake[1]: Leaving directory `/gpfs/home/hermann/eigen/build/CMakeFiles/CMakeTmp'

Source file was:
int main() { return 0;}
Performing C++ SOURCE FILE Test COMPILER_SUPPORT_Wnovariadicmacros succeded with the following output:
Change Dir: /gpfs/home/hermann/eigen/build/CMakeFiles/CMakeTmp

Run Build Command:/usr/bin/gmake "cmTryCompileExec3025412663/fast"
/usr/bin/gmake -f CMakeFiles/cmTryCompileExec3025412663.dir/build.make CMakeFiles/cmTryCompileExec3025412663.dir/build
gmake[1]: Entering directory `/gpfs/home/hermann/eigen/build/CMakeFiles/CMakeTmp'
/usr/bin/cmake -E cmake_progress_report /gpfs/home/hermann/eigen/build/CMakeFiles/CMakeTmp/CMakeFiles 1
Building CXX object CMakeFiles/cmTryCompileExec3025412663.dir/src.cxx.o
/usr/bin/c++    -std=c++03 -pedantic -Wall -Wextra -Wundef -Wcast-align -Wchar-subscripts -Wnon-virtual-dtor -Wunused-local-typedefs -Wpointer-arith -Wwrite-strings -Wformat-security -Wlogical-op -Wdouble-promotion -Wno-psabi -DCOMPILER_SUPPORT_Wnovariadicmacros -Werror   -Wno-variadic-macros -o CMakeFiles/cmTryCompileExec3025412663.dir/src.cxx.o -c /gpfs/home/hermann/eigen/build/CMakeFiles/CMakeTmp/src.cxx
Linking CXX executable cmTryCompileExec3025412663
/usr/bin/cmake -E cmake_link_script CMakeFiles/cmTryCompileExec3025412663.dir/link.txt --verbose=1
/usr/bin/c++    -std=c++03 -pedantic -Wall -Wextra -Wundef -Wcast-align -Wchar-subscripts -Wnon-virtual-dtor -Wunused-local-typedefs -Wpointer-arith -Wwrite-strings -Wformat-security -Wlogical-op -Wdouble-promotion -Wno-psabi -DCOMPILER_SUPPORT_Wnovariadicmacros -Werror    CMakeFiles/cmTryCompileExec3025412663.dir/src.cxx.o  -o cmTryCompileExec3025412663 -rdynamic 
gmake[1]: Leaving directory `/gpfs/home/hermann/eigen/build/CMakeFiles/CMakeTmp'

Source file was:
int main() { return 0;}
Performing C++ SOURCE FILE Test COMPILER_SUPPORT_Wnolonglong succeded with the following output:
Change Dir: /gpfs/home/hermann/eigen/build/CMakeFiles/CMakeTmp

Run Build Command:/usr/bin/gmake "cmTryCompileExec1848718967/fast"
/usr/bin/gmake -f CMakeFiles/cmTryCompileExec1848718967.dir/build.make CMakeFiles/cmTryCompileExec1848718967.dir/build
gmake[1]: Entering directory `/gpfs/home/hermann/eigen/build/CMakeFiles/CMakeTmp'
/usr/bin/cmake -E cmake_progress_report /gpfs/home/hermann/eigen/build/CMakeFiles/CMakeTmp/CMakeFiles 1
Building CXX object CMakeFiles/cmTryCompileExec1848718967.dir/src.cxx.o
/usr/bin/c++    -std=c++03 -pedantic -Wall -Wextra -Wundef -Wcast-align -Wchar-subscripts -Wnon-virtual-dtor -Wunused-local-typedefs -Wpointer-arith -Wwrite-strings -Wformat-security -Wlogical-op -Wdouble-promotion -Wno-psabi -Wno-variadic-macros -DCOMPILER_SUPPORT_Wnolonglong -Werror   -Wno-long-long -o CMakeFiles/cmTryCompileExec1848718967.dir/src.cxx.o -c /gpfs/home/hermann/eigen/build/CMakeFiles/CMakeTmp/src.cxx
Linking CXX executable cmTryCompileExec1848718967
/usr/bin/cmake -E cmake_link_script CMakeFiles/cmTryCompileExec1848718967.dir/link.txt --verbose=1
/usr/bin/c++    -std=c++03 -pedantic -Wall -Wextra -Wundef -Wcast-align -Wchar-subscripts -Wnon-virtual-dtor -Wunused-local-typedefs -Wpointer-arith -Wwrite-strings -Wformat-security -Wlogical-op -Wdouble-promotion -Wno-psabi -Wno-variadic-macros -DCOMPILER_SUPPORT_Wnolonglong -Werror    CMakeFiles/cmTryCompileExec1848718967.dir/src.cxx.o  -o cmTryCompileExec1848718967 -rdynamic 
gmake[1]: Leaving directory `/gpfs/home/hermann/eigen/build/CMakeFiles/CMakeTmp'

Source file was:
int main() { return 0;}
Performing C++ SOURCE FILE Test COMPILER_SUPPORT_fnochecknew succeded with the following output:
Change Dir: /gpfs/home/hermann/eigen/build/CMakeFiles/CMakeTmp

Run Build Command:/usr/bin/gmake "cmTryCompileExec2169682396/fast"
/usr/bin/gmake -f CMakeFiles/cmTryCompileExec2169682396.dir/build.make CMakeFiles/cmTryCompileExec2169682396.dir/build
gmake[1]: Entering directory `/gpfs/home/hermann/eigen/build/CMakeFiles/CMakeTmp'
/usr/bin/cmake -E cmake_progress_report /gpfs/home/hermann/eigen/build/CMakeFiles/CMakeTmp/CMakeFiles 1
Building CXX object CMakeFiles/cmTryCompileExec2169682396.dir/src.cxx.o
/usr/bin/c++    -std=c++03 -pedantic -Wall -Wextra -Wundef -Wcast-align -Wchar-subscripts -Wnon-virtual-dtor -Wunused-local-typedefs -Wpointer-arith -Wwrite-strings -Wformat-security -Wlogical-op -Wdouble-promotion -Wno-psabi -Wno-variadic-macros -Wno-long-long -DCOMPILER_SUPPORT_fnochecknew -Werror   -fno-check-new -o CMakeFiles/cmTryCompileExec2169682396.dir/src.cxx.o -c /gpfs/home/hermann/eigen/build/CMakeFiles/CMakeTmp/src.cxx
Linking CXX executable cmTryCompileExec2169682396
/usr/bin/cmake -E cmake_link_script CMakeFiles/cmTryCompileExec2169682396.dir/link.txt --verbose=1
/usr/bin/c++    -std=c++03 -pedantic -Wall -Wextra -Wundef -Wcast-align -Wchar-subscripts -Wnon-virtual-dtor -Wunused-local-typedefs -Wpointer-arith -Wwrite-strings -Wformat-security -Wlogical-op -Wdouble-promotion -Wno-psabi -Wno-variadic-macros -Wno-long-long -DCOMPILER_SUPPORT_fnochecknew -Werror    CMakeFiles/cmTryCompileExec2169682396.dir/src.cxx.o  -o cmTryCompileExec2169682396 -rdynamic 
gmake[1]: Leaving directory `/gpfs/home/hermann/eigen/build/CMakeFiles/CMakeTmp'

Source file was:
int main() { return 0;}
Performing C++ SOURCE FILE Test COMPILER_SUPPORT_fnocommon succeded with the following output:
Change Dir: /gpfs/home/hermann/eigen/build/CMakeFiles/CMakeTmp

Run Build Command:/usr/bin/gmake "cmTryCompileExec3897535089/fast"
/usr/bin/gmake -f CMakeFiles/cmTryCompileExec3897535089.dir/build.make CMakeFiles/cmTryCompileExec3897535089.dir/build
gmake[1]: Entering directory `/gpfs/home/hermann/eigen/build/CMakeFiles/CMakeTmp'
/usr/bin/cmake -E cmake_progress_report /gpfs/home/hermann/eigen/build/CMakeFiles/CMakeTmp/CMakeFiles 1
Building CXX object CMakeFiles/cmTryCompileExec3897535089.dir/src.cxx.o
/usr/bin/c++    -std=c++03 -pedantic -Wall -Wextra -Wundef -Wcast-align -Wchar-subscripts -Wnon-virtual-dtor -Wunused-local-typedefs -Wpointer-arith -Wwrite-strings -Wformat-security -Wlogical-op -Wdouble-promotion -Wno-psabi -Wno-variadic-macros -Wno-long-long -fno-check-new -DCOMPILER_SUPPORT_fnocommon -Werror   -fno-common -o CMakeFiles/cmTryCompileExec3897535089.dir/src.cxx.o -c /gpfs/home/hermann/eigen/build/CMakeFiles/CMakeTmp/src.cxx
Linking CXX executable cmTryCompileExec3897535089
/usr/bin/cmake -E cmake_link_script CMakeFiles/cmTryCompileExec3897535089.dir/link.txt --verbose=1
/usr/bin/c++    -std=c++03 -pedantic -Wall -Wextra -Wundef -Wcast-align -Wchar-subscripts -Wnon-virtual-dtor -Wunused-local-typedefs -Wpointer-arith -Wwrite-strings -Wformat-security -Wlogical-op -Wdouble-promotion -Wno-psabi -Wno-variadic-macros -Wno-long-long -fno-check-new -DCOMPILER_SUPPORT_fnocommon -Werror    CMakeFiles/cmTryCompileExec3897535089.dir/src.cxx.o  -o cmTryCompileExec3897535089 -rdynamic 
gmake[1]: Leaving directory `/gpfs/home/hermann/eigen/build/CMakeFiles/CMakeTmp'

Source file was:
int main() { return 0;}
Performing C++ SOURCE FILE Test COMPILER_SUPPORT_fstrictaliasing succeded with the following output:
Change Dir: /gpfs/home/hermann/eigen/build/CMakeFiles/CMakeTmp

Run Build Command:/usr/bin/gmake "cmTryCompileExec3057455344/fast"
/usr/bin/gmake -f CMakeFiles/cmTryCompileExec3057455344.dir/build.make CMakeFiles/cmTryCompileExec3057455344.dir/build
gmake[1]: Entering directory `/gpfs/home/hermann/eigen/build/CMakeFiles/CMakeTmp'
/usr/bin/cmake -E cmake_progress_report /gpfs/home/hermann/eigen/build/CMakeFiles/CMakeTmp/CMakeFiles 1
Building CXX object CMakeFiles/cmTryCompileExec3057455344.dir/src.cxx.o
/usr/bin/c++    -std=c++03 -pedantic -Wall -Wextra -Wundef -Wcast-align -Wchar-subscripts -Wnon-virtual-dtor -Wunused-local-typedefs -Wpointer-arith -Wwrite-strings -Wformat-security -Wlogical-op -Wdouble-promotion -Wno-psabi -Wno-variadic-macros -Wno-long-long -fno-check-new -fno-common -DCOMPILER_SUPPORT_fstrictaliasing -Werror   -fstrict-aliasing -o CMakeFiles/cmTryCompileExec3057455344.dir/src.cxx.o -c /gpfs/home/hermann/eigen/build/CMakeFiles/CMakeTmp/src.cxx
Linking CXX executable cmTryCompileExec3057455344
/usr/bin/cmake -E cmake_link_script CMakeFiles/cmTryCompileExec3057455344.dir/link.txt --verbose=1
/usr/bin/c++    -std=c++03 -pedantic -Wall -Wextra -Wundef -Wcast-align -Wchar-subscripts -Wnon-virtual-dtor -Wunused-local-typedefs -Wpointer-arith -Wwrite-strings -Wformat-security -Wlogical-op -Wdouble-promotion -Wno-psabi -Wno-variadic-macros -Wno-long-long -fno-check-new -fno-common -DCOMPILER_SUPPORT_fstrictaliasing -Werror    CMakeFiles/cmTryCompileExec3057455344.dir/src.cxx.o  -o cmTryCompileExec3057455344 -rdynamic 
gmake[1]: Leaving directory `/gpfs/home/hermann/eigen/build/CMakeFiles/CMakeTmp'

Source file was:
int main() { return 0;}
Performing C++ SOURCE FILE Test COMPILER_SUPPORT_ansi succeded with the following output:
Change Dir: /gpfs/home/hermann/eigen/build/CMakeFiles/CMakeTmp

Run Build Command:/usr/bin/gmake "cmTryCompileExec2017186820/fast"
/usr/bin/gmake -f CMakeFiles/cmTryCompileExec2017186820.dir/build.make CMakeFiles/cmTryCompileExec2017186820.dir/build
gmake[1]: Entering directory `/gpfs/home/hermann/eigen/build/CMakeFiles/CMakeTmp'
/usr/bin/cmake -E cmake_progress_report /gpfs/home/hermann/eigen/build/CMakeFiles/CMakeTmp/CMakeFiles 1
Building CXX object CMakeFiles/cmTryCompileExec2017186820.dir/src.cxx.o
/usr/bin/c++    -std=c++03 -pedantic -Wall -Wextra -Wundef -Wcast-align -Wchar-subscripts -Wnon-virtual-dtor -Wunused-local-typedefs -Wpointer-arith -Wwrite-strings -Wformat-security -Wlogical-op -Wdouble-promotion -Wno-psabi -Wno-variadic-macros -Wno-long-long -fno-check-new -fno-common -fstrict-aliasing -DCOMPILER_SUPPORT_ansi -Werror   -ansi -o CMakeFiles/cmTryCompileExec2017186820.dir/src.cxx.o -c /gpfs/home/hermann/eigen/build/CMakeFiles/CMakeTmp/src.cxx
Linking CXX executable cmTryCompileExec2017186820
/usr/bin/cmake -E cmake_link_script CMakeFiles/cmTryCompileExec2017186820.dir/link.txt --verbose=1
/usr/bin/c++    -std=c++03 -pedantic -Wall -Wextra -Wundef -Wcast-align -Wchar-subscripts -Wnon-virtual-dtor -Wunused-local-typedefs -Wpointer-arith -Wwrite-strings -Wformat-security -Wlogical-op -Wdouble-promotion -Wno-psabi -Wno-variadic-macros -Wno-long-long -fno-check-new -fno-common -fstrict-aliasing -DCOMPILER_SUPPORT_ansi -Werror    CMakeFiles/cmTryCompileExec2017186820.dir/src.cxx.o  -o cmTryCompileExec2017186820 -rdynamic 
gmake[1]: Leaving directory `/gpfs/home/hermann/eigen/build/CMakeFiles/CMakeTmp'

Source file was:
int main() { return 0;}
Performing C++ SOURCE FILE Test COMPILER_SUPPORT_OPENMP succeded with the following output:
Change Dir: /gpfs/home/hermann/eigen/build/CMakeFiles/CMakeTmp

Run Build Command:/usr/bin/gmake "cmTryCompileExec674089750/fast"
/usr/bin/gmake -f CMakeFiles/cmTryCompileExec674089750.dir/build.make CMakeFiles/cmTryCompileExec674089750.dir/build
gmake[1]: Entering directory `/gpfs/home/hermann/eigen/build/CMakeFiles/CMakeTmp'
/usr/bin/cmake -E cmake_progress_report /gpfs/home/hermann/eigen/build/CMakeFiles/CMakeTmp/CMakeFiles 1
Building CXX object CMakeFiles/cmTryCompileExec674089750.dir/src.cxx.o
/usr/bin/c++    -std=c++03 -pedantic -Wall -Wextra -Wundef -Wcast-align -Wchar-subscripts -Wnon-virtual-dtor -Wunused-local-typedefs -Wpointer-arith -Wwrite-strings -Wformat-security -Wlogical-op -Wdouble-promotion -Wno-psabi -Wno-variadic-macros -Wno-long-long -fno-check-new -fno-common -fstrict-aliasing -ansi -DCOMPILER_SUPPORT_OPENMP   -fopenmp -o CMakeFiles/cmTryCompileExec674089750.dir/src.cxx.o -c /gpfs/home/hermann/eigen/build/CMakeFiles/CMakeTmp/src.cxx
Linking CXX executable cmTryCompileExec674089750
/usr/bin/cmake -E cmake_link_script CMakeFiles/cmTryCompileExec674089750.dir/link.txt --verbose=1
/usr/bin/c++    -std=c++03 -pedantic -Wall -Wextra -Wundef -Wcast-align -Wchar-subscripts -Wnon-virtual-dtor -Wunused-local-typedefs -Wpointer-arith -Wwrite-strings -Wformat-security -Wlogical-op -Wdouble-promotion -Wno-psabi -Wno-variadic-macros -Wno-long-long -fno-check-new -fno-common -fstrict-aliasing -ansi -DCOMPILER_SUPPORT_OPENMP    CMakeFiles/cmTryCompileExec674089750.dir/src.cxx.o  -o cmTryCompileExec674089750 -rdynamic 
gmake[1]: Leaving directory `/gpfs/home/hermann/eigen/build/CMakeFiles/CMakeTmp'

Source file was:
int main() { return 0;}
Compiling the Fortran compiler identification source file "CMakeFortranCompilerId.F" succeeded.
Compiler: /usr/bin/gfortran 
Build flags: 
Id flags: 

The output was:
0


Compilation of the Fortran compiler identification source "CMakeFortranCompilerId.F" produced "a.out"

The Fortran compiler identification is GNU, found in "/gpfs/home/hermann/eigen/build/CMakeFiles/2.8.12.2/CompilerIdFortran/a.out"

Determining if the Fortran compiler works passed with the following output:
Change Dir: /gpfs/home/hermann/eigen/build/CMakeFiles/CMakeTmp

Run Build Command:/usr/bin/gmake "cmTryCompileExec1818381988/fast"
/usr/bin/gmake -f CMakeFiles/cmTryCompileExec1818381988.dir/build.make CMakeFiles/cmTryCompileExec1818381988.dir/build
gmake[1]: Entering directory `/gpfs/home/hermann/eigen/build/CMakeFiles/CMakeTmp'
/usr/bin/cmake -E cmake_progress_report /gpfs/home/hermann/eigen/build/CMakeFiles/CMakeTmp/CMakeFiles 1
Building Fortran object CMakeFiles/cmTryCompileExec1818381988.dir/testFortranCompiler.f.o
/usr/bin/gfortran    -c /gpfs/home/hermann/eigen/build/CMakeFiles/CMakeTmp/testFortranCompiler.f -o CMakeFiles/cmTryCompileExec1818381988.dir/testFortranCompiler.f.o
Linking Fortran executable cmTryCompileExec1818381988
/usr/bin/cmake -E cmake_link_script CMakeFiles/cmTryCompileExec1818381988.dir/link.txt --verbose=1
/usr/bin/gfortran       CMakeFiles/cmTryCompileExec1818381988.dir/testFortranCompiler.f.o  -o cmTryCompileExec1818381988 -rdynamic 
gmake[1]: Leaving directory `/gpfs/home/hermann/eigen/build/CMakeFiles/CMakeTmp'


Detecting Fortran compiler ABI info compiled with the following output:
Change Dir: /gpfs/home/hermann/eigen/build/CMakeFiles/CMakeTmp

Run Build Command:/usr/bin/gmake "cmTryCompileExec3074266083/fast"
/usr/bin/gmake -f CMakeFiles/cmTryCompileExec3074266083.dir/build.make CMakeFiles/cmTryCompileExec3074266083.dir/build
gmake[1]: Entering directory `/gpfs/home/hermann/eigen/build/CMakeFiles/CMakeTmp'
/usr/bin/cmake -E cmake_progress_report /gpfs/home/hermann/eigen/build/CMakeFiles/CMakeTmp/CMakeFiles 1
Building Fortran object CMakeFiles/cmTryCompileExec3074266083.dir/CMakeFortranCompilerABI.F.o
/usr/bin/gfortran    -c /usr/share/cmake/Modules/CMakeFortranCompilerABI.F -o CMakeFiles/cmTryCompileExec3074266083.dir/CMakeFortranCompilerABI.F.o
Linking Fortran executable cmTryCompileExec3074266083
/usr/bin/cmake -E cmake_link_script CMakeFiles/cmTryCompileExec3074266083.dir/link.txt --verbose=1
/usr/bin/gfortran   -v   CMakeFiles/cmTryCompileExec3074266083.dir/CMakeFortranCompilerABI.F.o  -o cmTryCompileExec3074266083 -rdynamic  
Driving: /usr/bin/gfortran -v CMakeFiles/cmTryCompileExec3074266083.dir/CMakeFortranCompilerABI.F.o -o cmTryCompileExec3074266083 -rdynamic -l gfortran -l m -shared-libgcc
Using built-in specs.
COLLECT_GCC=/usr/bin/gfortran
COLLECT_LTO_WRAPPER=/usr/libexec/gcc/x86_64-redhat-linux/4.8.5/lto-wrapper
Target: x86_64-redhat-linux
Configured with: ../configure --prefix=/usr --mandir=/usr/share/man --infodir=/usr/share/info --with-bugurl=http://bugzilla.redhat.com/bugzilla --enable-bootstrap --enable-shared --enable-threads=posix --enable-checking=release --with-system-zlib --enable-__cxa_atexit --disable-libunwind-exceptions --enable-gnu-unique-object --enable-linker-build-id --with-linker-hash-style=gnu --enable-languages=c,c++,objc,obj-c++,java,fortran,ada,go,lto --enable-plugin --enable-initfini-array --disable-libgcj --with-isl=/builddir/build/BUILD/gcc-4.8.5-20150702/obj-x86_64-redhat-linux/isl-install --with-cloog=/builddir/build/BUILD/gcc-4.8.5-20150702/obj-x86_64-redhat-linux/cloog-install --enable-gnu-indirect-function --with-tune=generic --with-arch_32=x86-64 --build=x86_64-redhat-linux
Thread model: posix
gcc version 4.8.5 20150623 (Red Hat 4.8.5-36) (GCC) 
Reading specs from /usr/lib/gcc/x86_64-redhat-linux/4.8.5/libgfortran.spec
rename spec lib to liborig
COLLECT_GCC_OPTIONS='-v' '-o' 'cmTryCompileExec3074266083' '-rdynamic' '-shared-libgcc' '-mtune=generic' '-march=x86-64'
COMPILER_PATH=/usr/libexec/gcc/x86_64-redhat-linux/4.8.5/:/usr/libexec/gcc/x86_64-redhat-linux/4.8.5/:/usr/libexec/gcc/x86_64-redhat-linux/:/usr/lib/gcc/x86_64-redhat-linux/4.8.5/:/usr/lib/gcc/x86_64-redhat-linux/
LIBRARY_PATH=/usr/lib/gcc/x86_64-redhat-linux/4.8.5/:/usr/lib/gcc/x86_64-redhat-linux/4.8.5/../../../../lib64/:/lib/../lib64/:/usr/lib/../lib64/:/usr/lib/gcc/x86_64-redhat-linux/4.8.5/../../../:/lib/:/usr/lib/
COLLECT_GCC_OPTIONS='-v' '-o' 'cmTryCompileExec3074266083' '-rdynamic' '-shared-libgcc' '-mtune=generic' '-march=x86-64'
 /usr/libexec/gcc/x86_64-redhat-linux/4.8.5/collect2 --build-id --no-add-needed --eh-frame-hdr --hash-style=gnu -m elf_x86_64 -export-dynamic -dynamic-linker /lib64/ld-linux-x86-64.so.2 -o cmTryCompileExec3074266083 /usr/lib/gcc/x86_64-redhat-linux/4.8.5/../../../../lib64/crt1.o /usr/lib/gcc/x86_64-redhat-linux/4.8.5/../../../../lib64/crti.o /usr/lib/gcc/x86_64-redhat-linux/4.8.5/crtbegin.o -L/usr/lib/gcc/x86_64-redhat-linux/4.8.5 -L/usr/lib/gcc/x86_64-redhat-linux/4.8.5/../../../../lib64 -L/lib/../lib64 -L/usr/lib/../lib64 -L/usr/lib/gcc/x86_64-redhat-linux/4.8.5/../../.. CMakeFiles/cmTryCompileExec3074266083.dir/CMakeFortranCompilerABI.F.o -lgfortran -lm -lgcc_s -lgcc -lquadmath -lm -lgcc_s -lgcc -lc -lgcc_s -lgcc /usr/lib/gcc/x86_64-redhat-linux/4.8.5/crtend.o /usr/lib/gcc/x86_64-redhat-linux/4.8.5/../../../../lib64/crtn.o
gmake[1]: Leaving directory `/gpfs/home/hermann/eigen/build/CMakeFiles/CMakeTmp'


Parsed Fortran implicit link information from above output:
  link line regex: [^( *|.*[/\])(ld|([^/\]+-)?ld|collect2)[^/\]*( |$)]
  ignore line: [Change Dir: /gpfs/home/hermann/eigen/build/CMakeFiles/CMakeTmp]
  ignore line: []
  ignore line: [Run Build Command:/usr/bin/gmake "cmTryCompileExec3074266083/fast"]
  ignore line: [/usr/bin/gmake -f CMakeFiles/cmTryCompileExec3074266083.dir/build.make CMakeFiles/cmTryCompileExec3074266083.dir/build]
  ignore line: [gmake[1]: Entering directory `/gpfs/home/hermann/eigen/build/CMakeFiles/CMakeTmp']
  ignore line: [/usr/bin/cmake -E cmake_progress_report /gpfs/home/hermann/eigen/build/CMakeFiles/CMakeTmp/CMakeFiles 1]
  ignore line: [Building Fortran object CMakeFiles/cmTryCompileExec3074266083.dir/CMakeFortranCompilerABI.F.o]
  ignore line: [/usr/bin/gfortran    -c /usr/share/cmake/Modules/CMakeFortranCompilerABI.F -o CMakeFiles/cmTryCompileExec3074266083.dir/CMakeFortranCompilerABI.F.o]
  ignore line: [Linking Fortran executable cmTryCompileExec3074266083]
  ignore line: [/usr/bin/cmake -E cmake_link_script CMakeFiles/cmTryCompileExec3074266083.dir/link.txt --verbose=1]
  ignore line: [/usr/bin/gfortran   -v   CMakeFiles/cmTryCompileExec3074266083.dir/CMakeFortranCompilerABI.F.o  -o cmTryCompileExec3074266083 -rdynamic  ]
  ignore line: [Driving: /usr/bin/gfortran -v CMakeFiles/cmTryCompileExec3074266083.dir/CMakeFortranCompilerABI.F.o -o cmTryCompileExec3074266083 -rdynamic -l gfortran -l m -shared-libgcc]
  ignore line: [Using built-in specs.]
  ignore line: [COLLECT_GCC=/usr/bin/gfortran]
  ignore line: [COLLECT_LTO_WRAPPER=/usr/libexec/gcc/x86_64-redhat-linux/4.8.5/lto-wrapper]
  ignore line: [Target: x86_64-redhat-linux]
  ignore line: [Configured with: ../configure --prefix=/usr --mandir=/usr/share/man --infodir=/usr/share/info --with-bugurl=http://bugzilla.redhat.com/bugzilla --enable-bootstrap --enable-shared --enable-threads=posix --enable-checking=release --with-system-zlib --enable-__cxa_atexit --disable-libunwind-exceptions --enable-gnu-unique-object --enable-linker-build-id --with-linker-hash-style=gnu --enable-languages=c,c++,objc,obj-c++,java,fortran,ada,go,lto --enable-plugin --enable-initfini-array --disable-libgcj --with-isl=/builddir/build/BUILD/gcc-4.8.5-20150702/obj-x86_64-redhat-linux/isl-install --with-cloog=/builddir/build/BUILD/gcc-4.8.5-20150702/obj-x86_64-redhat-linux/cloog-install --enable-gnu-indirect-function --with-tune=generic --with-arch_32=x86-64 --build=x86_64-redhat-linux]
  ignore line: [Thread model: posix]
  ignore line: [gcc version 4.8.5 20150623 (Red Hat 4.8.5-36) (GCC) ]
  ignore line: [Reading specs from /usr/lib/gcc/x86_64-redhat-linux/4.8.5/libgfortran.spec]
  ignore line: [rename spec lib to liborig]
  ignore line: [COLLECT_GCC_OPTIONS='-v' '-o' 'cmTryCompileExec3074266083' '-rdynamic' '-shared-libgcc' '-mtune=generic' '-march=x86-64']
  ignore line: [COMPILER_PATH=/usr/libexec/gcc/x86_64-redhat-linux/4.8.5/:/usr/libexec/gcc/x86_64-redhat-linux/4.8.5/:/usr/libexec/gcc/x86_64-redhat-linux/:/usr/lib/gcc/x86_64-redhat-linux/4.8.5/:/usr/lib/gcc/x86_64-redhat-linux/]
  ignore line: [LIBRARY_PATH=/usr/lib/gcc/x86_64-redhat-linux/4.8.5/:/usr/lib/gcc/x86_64-redhat-linux/4.8.5/../../../../lib64/:/lib/../lib64/:/usr/lib/../lib64/:/usr/lib/gcc/x86_64-redhat-linux/4.8.5/../../../:/lib/:/usr/lib/]
  ignore line: [COLLECT_GCC_OPTIONS='-v' '-o' 'cmTryCompileExec3074266083' '-rdynamic' '-shared-libgcc' '-mtune=generic' '-march=x86-64']
  link line: [ /usr/libexec/gcc/x86_64-redhat-linux/4.8.5/collect2 --build-id --no-add-needed --eh-frame-hdr --hash-style=gnu -m elf_x86_64 -export-dynamic -dynamic-linker /lib64/ld-linux-x86-64.so.2 -o cmTryCompileExec3074266083 /usr/lib/gcc/x86_64-redhat-linux/4.8.5/../../../../lib64/crt1.o /usr/lib/gcc/x86_64-redhat-linux/4.8.5/../../../../lib64/crti.o /usr/lib/gcc/x86_64-redhat-linux/4.8.5/crtbegin.o -L/usr/lib/gcc/x86_64-redhat-linux/4.8.5 -L/usr/lib/gcc/x86_64-redhat-linux/4.8.5/../../../../lib64 -L/lib/../lib64 -L/usr/lib/../lib64 -L/usr/lib/gcc/x86_64-redhat-linux/4.8.5/../../.. CMakeFiles/cmTryCompileExec3074266083.dir/CMakeFortranCompilerABI.F.o -lgfortran -lm -lgcc_s -lgcc -lquadmath -lm -lgcc_s -lgcc -lc -lgcc_s -lgcc /usr/lib/gcc/x86_64-redhat-linux/4.8.5/crtend.o /usr/lib/gcc/x86_64-redhat-linux/4.8.5/../../../../lib64/crtn.o]
    arg [/usr/libexec/gcc/x86_64-redhat-linux/4.8.5/collect2] ==> ignore
    arg [--build-id] ==> ignore
    arg [--no-add-needed] ==> ignore
    arg [--eh-frame-hdr] ==> ignore
    arg [--hash-style=gnu] ==> ignore
    arg [-m] ==> ignore
    arg [elf_x86_64] ==> ignore
    arg [-export-dynamic] ==> ignore
    arg [-dynamic-linker] ==> ignore
    arg [/lib64/ld-linux-x86-64.so.2] ==> ignore
    arg [-o] ==> ignore
    arg [cmTryCompileExec3074266083] ==> ignore
    arg [/usr/lib/gcc/x86_64-redhat-linux/4.8.5/../../../../lib64/crt1.o] ==> ignore
    arg [/usr/lib/gcc/x86_64-redhat-linux/4.8.5/../../../../lib64/crti.o] ==> ignore
    arg [/usr/lib/gcc/x86_64-redhat-linux/4.8.5/crtbegin.o] ==> ignore
    arg [-L/usr/lib/gcc/x86_64-redhat-linux/4.8.5] ==> dir [/usr/lib/gcc/x86_64-redhat-linux/4.8.5]
    arg [-L/usr/lib/gcc/x86_64-redhat-linux/4.8.5/../../../../lib64] ==> dir [/usr/lib/gcc/x86_64-redhat-linux/4.8.5/../../../../lib64]
    arg [-L/lib/../lib64] ==> dir [/lib/../lib64]
    arg [-L/usr/lib/../lib64] ==> dir [/usr/lib/../lib64]
    arg [-L/usr/lib/gcc/x86_64-redhat-linux/4.8.5/../../..] ==> dir [/usr/lib/gcc/x86_64-redhat-linux/4.8.5/../../..]
    arg [CMakeFiles/cmTryCompileExec3074266083.dir/CMakeFortranCompilerABI.F.o] ==> ignore
    arg [-lgfortran] ==> lib [gfortran]
    arg [-lm] ==> lib [m]
    arg [-lgcc_s] ==> lib [gcc_s]
    arg [-lgcc] ==> lib [gcc]
    arg [-lquadmath] ==> lib [quadmath]
    arg [-lm] ==> lib [m]
    arg [-lgcc_s] ==> lib [gcc_s]
    arg [-lgcc] ==> lib [gcc]
    arg [-lc] ==> lib [c]
    arg [-lgcc_s] ==> lib [gcc_s]
    arg [-lgcc] ==> lib [gcc]
    arg [/usr/lib/gcc/x86_64-redhat-linux/4.8.5/crtend.o] ==> ignore
    arg [/usr/lib/gcc/x86_64-redhat-linux/4.8.5/../../../../lib64/crtn.o] ==> ignore
  remove lib [gcc_s]
  remove lib [gcc]
  remove lib [gcc_s]
  remove lib [gcc]
  remove lib [gcc_s]
  remove lib [gcc]
  collapse library dir [/usr/lib/gcc/x86_64-redhat-linux/4.8.5] ==> [/usr/lib/gcc/x86_64-redhat-linux/4.8.5]
  collapse library dir [/usr/lib/gcc/x86_64-redhat-linux/4.8.5/../../../../lib64] ==> [/usr/lib64]
  collapse library dir [/lib/../lib64] ==> [/lib64]
  collapse library dir [/usr/lib/../lib64] ==> [/usr/lib64]
  collapse library dir [/usr/lib/gcc/x86_64-redhat-linux/4.8.5/../../..] ==> [/usr/lib]
  implicit libs: [gfortran;m;quadmath;m;c]
  implicit dirs: [/usr/lib/gcc/x86_64-redhat-linux/4.8.5;/usr/lib64;/lib64;/usr/lib]
  implicit fwks: []


Determining if the Fortran compiler supports Fortran 90 passed with the following output:
Change Dir: /gpfs/home/hermann/eigen/build/CMakeFiles/CMakeTmp

Run Build Command:/usr/bin/gmake "cmTryCompileExec237507608/fast"
/usr/bin/gmake -f CMakeFiles/cmTryCompileExec237507608.dir/build.make CMakeFiles/cmTryCompileExec237507608.dir/build
gmake[1]: Entering directory `/gpfs/home/hermann/eigen/build/CMakeFiles/CMakeTmp'
/usr/bin/cmake -E cmake_progress_report /gpfs/home/hermann/eigen/build/CMakeFiles/CMakeTmp/CMakeFiles 1
Building Fortran object CMakeFiles/cmTryCompileExec237507608.dir/testFortranCompilerF90.f90.o
/usr/bin/gfortran    -c /gpfs/home/hermann/eigen/build/CMakeFiles/CMakeTmp/testFortranCompilerF90.f90 -o CMakeFiles/cmTryCompileExec237507608.dir/testFortranCompilerF90.f90.o
Linking Fortran executable cmTryCompileExec237507608
/usr/bin/cmake -E cmake_link_script CMakeFiles/cmTryCompileExec237507608.dir/link.txt --verbose=1
/usr/bin/gfortran       CMakeFiles/cmTryCompileExec237507608.dir/testFortranCompilerF90.f90.o  -o cmTryCompileExec237507608 -rdynamic 
gmake[1]: Leaving directory `/gpfs/home/hermann/eigen/build/CMakeFiles/CMakeTmp'


Performing C++ SOURCE FILE Test COMPILER_SUPPORT_FASTMATH succeded with the following output:
Change Dir: /gpfs/home/hermann/eigen/build/CMakeFiles/CMakeTmp

Run Build Command:/usr/bin/gmake "cmTryCompileExec691938245/fast"
/usr/bin/gmake -f CMakeFiles/cmTryCompileExec691938245.dir/build.make CMakeFiles/cmTryCompileExec691938245.dir/build
gmake[1]: Entering directory `/gpfs/home/hermann/eigen/build/CMakeFiles/CMakeTmp'
/usr/bin/cmake -E cmake_progress_report /gpfs/home/hermann/eigen/build/CMakeFiles/CMakeTmp/CMakeFiles 1
Building CXX object CMakeFiles/cmTryCompileExec691938245.dir/src.cxx.o
/usr/bin/c++    -std=c++03 -pedantic -Wall -Wextra -Wundef -Wcast-align -Wchar-subscripts -Wnon-virtual-dtor -Wunused-local-typedefs -Wpointer-arith -Wwrite-strings -Wformat-security -Wlogical-op -Wdouble-promotion -Wno-psabi -Wno-variadic-macros -Wno-long-long -fno-check-new -fno-common -fstrict-aliasing -ansi -DCOMPILER_SUPPORT_FASTMATH   -ffast-math -o CMakeFiles/cmTryCompileExec691938245.dir/src.cxx.o -c /gpfs/home/hermann/eigen/build/CMakeFiles/CMakeTmp/src.cxx
Linking CXX executable cmTryCompileExec691938245
/usr/bin/cmake -E cmake_link_script CMakeFiles/cmTryCompileExec691938245.dir/link.txt --verbose=1
/usr/bin/c++    -std=c++03 -pedantic -Wall -Wextra -Wundef -Wcast-align -Wchar-subscripts -Wnon-virtual-dtor -Wunused-local-typedefs -Wpointer-arith -Wwrite-strings -Wformat-security -Wlogical-op -Wdouble-promotion -Wno-psabi -Wno-variadic-macros -Wno-long-long -fno-check-new -fno-common -fstrict-aliasing -ansi -DCOMPILER_SUPPORT_FASTMATH    CMakeFiles/cmTryCompileExec691938245.dir/src.cxx.o  -o cmTryCompileExec691938245 -rdynamic 
gmake[1]: Leaving directory `/gpfs/home/hermann/eigen/build/CMakeFiles/CMakeTmp'

Source file was:
int main() { return 0;}
Determining if files pthread.h exist passed with the following output:
Change Dir: /gpfs/home/hermann/eigen/build/CMakeFiles/CMakeTmp

Run Build Command:/usr/bin/gmake "cmTryCompileExec650228634/fast"
/usr/bin/gmake -f CMakeFiles/cmTryCompileExec650228634.dir/build.make CMakeFiles/cmTryCompileExec650228634.dir/build
gmake[1]: Entering directory `/gpfs/home/hermann/eigen/build/CMakeFiles/CMakeTmp'
/usr/bin/cmake -E cmake_progress_report /gpfs/home/hermann/eigen/build/CMakeFiles/CMakeTmp/CMakeFiles 1
Building C object CMakeFiles/cmTryCompileExec650228634.dir/CheckIncludeFiles.c.o
/usr/bin/cc    -o CMakeFiles/cmTryCompileExec650228634.dir/CheckIncludeFiles.c.o   -c /gpfs/home/hermann/eigen/build/CMakeFiles/CMakeTmp/CheckIncludeFiles.c
Linking C executable cmTryCompileExec650228634
/usr/bin/cmake -E cmake_link_script CMakeFiles/cmTryCompileExec650228634.dir/link.txt --verbose=1
/usr/bin/cc       CMakeFiles/cmTryCompileExec650228634.dir/CheckIncludeFiles.c.o  -o cmTryCompileExec650228634 -rdynamic 
gmake[1]: Leaving directory `/gpfs/home/hermann/eigen/build/CMakeFiles/CMakeTmp'


Determining if the function pthread_create exists in the pthread passed with the following output:
Change Dir: /gpfs/home/hermann/eigen/build/CMakeFiles/CMakeTmp

Run Build Command:/usr/bin/gmake "cmTryCompileExec1641392030/fast"
/usr/bin/gmake -f CMakeFiles/cmTryCompileExec1641392030.dir/build.make CMakeFiles/cmTryCompileExec1641392030.dir/build
gmake[1]: Entering directory `/gpfs/home/hermann/eigen/build/CMakeFiles/CMakeTmp'
/usr/bin/cmake -E cmake_progress_report /gpfs/home/hermann/eigen/build/CMakeFiles/CMakeTmp/CMakeFiles 1
Building C object CMakeFiles/cmTryCompileExec1641392030.dir/CheckFunctionExists.c.o
/usr/bin/cc   -DCHECK_FUNCTION_EXISTS=pthread_create   -o CMakeFiles/cmTryCompileExec1641392030.dir/CheckFunctionExists.c.o   -c /usr/share/cmake/Modules/CheckFunctionExists.c
Linking C executable cmTryCompileExec1641392030
/usr/bin/cmake -E cmake_link_script CMakeFiles/cmTryCompileExec1641392030.dir/link.txt --verbose=1
/usr/bin/cc   -DCHECK_FUNCTION_EXISTS=pthread_create    CMakeFiles/cmTryCompileExec1641392030.dir/CheckFunctionExists.c.o  -o cmTryCompileExec1641392030 -rdynamic -lpthread 
gmake[1]: Leaving directory `/gpfs/home/hermann/eigen/build/CMakeFiles/CMakeTmp'


Determining if the function XOpenDisplay exists in the /usr/lib64/libX11.so;/usr/lib64/libXext.so passed with the following output:
Change Dir: /gpfs/home/hermann/eigen/build/CMakeFiles/CMakeTmp

Run Build Command:/usr/bin/gmake "cmTryCompileExec1202038314/fast"
/usr/bin/gmake -f CMakeFiles/cmTryCompileExec1202038314.dir/build.make CMakeFiles/cmTryCompileExec1202038314.dir/build
gmake[1]: Entering directory `/gpfs/home/hermann/eigen/build/CMakeFiles/CMakeTmp'
/usr/bin/cmake -E cmake_progress_report /gpfs/home/hermann/eigen/build/CMakeFiles/CMakeTmp/CMakeFiles 1
Building C object CMakeFiles/cmTryCompileExec1202038314.dir/CheckFunctionExists.c.o
/usr/bin/cc   -DCHECK_FUNCTION_EXISTS=XOpenDisplay   -o CMakeFiles/cmTryCompileExec1202038314.dir/CheckFunctionExists.c.o   -c /usr/share/cmake/Modules/CheckFunctionExists.c
Linking C executable cmTryCompileExec1202038314
/usr/bin/cmake -E cmake_link_script CMakeFiles/cmTryCompileExec1202038314.dir/link.txt --verbose=1
/usr/bin/cc   -DCHECK_FUNCTION_EXISTS=XOpenDisplay    CMakeFiles/cmTryCompileExec1202038314.dir/CheckFunctionExists.c.o  -o cmTryCompileExec1202038314 -rdynamic -lX11 -lXext 
gmake[1]: Leaving directory `/gpfs/home/hermann/eigen/build/CMakeFiles/CMakeTmp'


Determining if the function gethostbyname exists passed with the following output:
Change Dir: /gpfs/home/hermann/eigen/build/CMakeFiles/CMakeTmp

Run Build Command:/usr/bin/gmake "cmTryCompileExec3473240309/fast"
/usr/bin/gmake -f CMakeFiles/cmTryCompileExec3473240309.dir/build.make CMakeFiles/cmTryCompileExec3473240309.dir/build
gmake[1]: Entering directory `/gpfs/home/hermann/eigen/build/CMakeFiles/CMakeTmp'
/usr/bin/cmake -E cmake_progress_report /gpfs/home/hermann/eigen/build/CMakeFiles/CMakeTmp/CMakeFiles 1
Building C object CMakeFiles/cmTryCompileExec3473240309.dir/CheckFunctionExists.c.o
/usr/bin/cc   -DCHECK_FUNCTION_EXISTS=gethostbyname   -o CMakeFiles/cmTryCompileExec3473240309.dir/CheckFunctionExists.c.o   -c /usr/share/cmake/Modules/CheckFunctionExists.c
Linking C executable cmTryCompileExec3473240309
/usr/bin/cmake -E cmake_link_script CMakeFiles/cmTryCompileExec3473240309.dir/link.txt --verbose=1
/usr/bin/cc   -DCHECK_FUNCTION_EXISTS=gethostbyname    CMakeFiles/cmTryCompileExec3473240309.dir/CheckFunctionExists.c.o  -o cmTryCompileExec3473240309 -rdynamic 
gmake[1]: Leaving directory `/gpfs/home/hermann/eigen/build/CMakeFiles/CMakeTmp'


Determining if the function connect exists passed with the following output:
Change Dir: /gpfs/home/hermann/eigen/build/CMakeFiles/CMakeTmp

Run Build Command:/usr/bin/gmake "cmTryCompileExec3869563001/fast"
/usr/bin/gmake -f CMakeFiles/cmTryCompileExec3869563001.dir/build.make CMakeFiles/cmTryCompileExec3869563001.dir/build
gmake[1]: Entering directory `/gpfs/home/hermann/eigen/build/CMakeFiles/CMakeTmp'
/usr/bin/cmake -E cmake_progress_report /gpfs/home/hermann/eigen/build/CMakeFiles/CMakeTmp/CMakeFiles 1
Building C object CMakeFiles/cmTryCompileExec3869563001.dir/CheckFunctionExists.c.o
/usr/bin/cc   -DCHECK_FUNCTION_EXISTS=connect   -o CMakeFiles/cmTryCompileExec3869563001.dir/CheckFunctionExists.c.o   -c /usr/share/cmake/Modules/CheckFunctionExists.c
Linking C executable cmTryCompileExec3869563001
/usr/bin/cmake -E cmake_link_script CMakeFiles/cmTryCompileExec3869563001.dir/link.txt --verbose=1
/usr/bin/cc   -DCHECK_FUNCTION_EXISTS=connect    CMakeFiles/cmTryCompileExec3869563001.dir/CheckFunctionExists.c.o  -o cmTryCompileExec3869563001 -rdynamic 
gmake[1]: Leaving directory `/gpfs/home/hermann/eigen/build/CMakeFiles/CMakeTmp'


Determining if the function remove exists passed with the following output:
Change Dir: /gpfs/home/hermann/eigen/build/CMakeFiles/CMakeTmp

Run Build Command:/usr/bin/gmake "cmTryCompileExec1743389976/fast"
/usr/bin/gmake -f CMakeFiles/cmTryCompileExec1743389976.dir/build.make CMakeFiles/cmTryCompileExec1743389976.dir/build
gmake[1]: Entering directory `/gpfs/home/hermann/eigen/build/CMakeFiles/CMakeTmp'
/usr/bin/cmake -E cmake_progress_report /gpfs/home/hermann/eigen/build/CMakeFiles/CMakeTmp/CMakeFiles 1
Building C object CMakeFiles/cmTryCompileExec1743389976.dir/CheckFunctionExists.c.o
/usr/bin/cc   -DCHECK_FUNCTION_EXISTS=remove   -o CMakeFiles/cmTryCompileExec1743389976.dir/CheckFunctionExists.c.o   -c /usr/share/cmake/Modules/CheckFunctionExists.c
Linking C executable cmTryCompileExec1743389976
/usr/bin/cmake -E cmake_link_script CMakeFiles/cmTryCompileExec1743389976.dir/link.txt --verbose=1
/usr/bin/cc   -DCHECK_FUNCTION_EXISTS=remove    CMakeFiles/cmTryCompileExec1743389976.dir/CheckFunctionExists.c.o  -o cmTryCompileExec1743389976 -rdynamic 
gmake[1]: Leaving directory `/gpfs/home/hermann/eigen/build/CMakeFiles/CMakeTmp'


Determining if the function shmat exists passed with the following output:
Change Dir: /gpfs/home/hermann/eigen/build/CMakeFiles/CMakeTmp

Run Build Command:/usr/bin/gmake "cmTryCompileExec4213893131/fast"
/usr/bin/gmake -f CMakeFiles/cmTryCompileExec4213893131.dir/build.make CMakeFiles/cmTryCompileExec4213893131.dir/build
gmake[1]: Entering directory `/gpfs/home/hermann/eigen/build/CMakeFiles/CMakeTmp'
/usr/bin/cmake -E cmake_progress_report /gpfs/home/hermann/eigen/build/CMakeFiles/CMakeTmp/CMakeFiles 1
Building C object CMakeFiles/cmTryCompileExec4213893131.dir/CheckFunctionExists.c.o
/usr/bin/cc   -DCHECK_FUNCTION_EXISTS=shmat   -o CMakeFiles/cmTryCompileExec4213893131.dir/CheckFunctionExists.c.o   -c /usr/share/cmake/Modules/CheckFunctionExists.c
Linking C executable cmTryCompileExec4213893131
/usr/bin/cmake -E cmake_link_script CMakeFiles/cmTryCompileExec4213893131.dir/link.txt --verbose=1
/usr/bin/cc   -DCHECK_FUNCTION_EXISTS=shmat    CMakeFiles/cmTryCompileExec4213893131.dir/CheckFunctionExists.c.o  -o cmTryCompileExec4213893131 -rdynamic 
gmake[1]: Leaving directory `/gpfs/home/hermann/eigen/build/CMakeFiles/CMakeTmp'


Determining if the function IceConnectionNumber exists in the ICE passed with the following output:
Change Dir: /gpfs/home/hermann/eigen/build/CMakeFiles/CMakeTmp

Run Build Command:/usr/bin/gmake "cmTryCompileExec682357825/fast"
/usr/bin/gmake -f CMakeFiles/cmTryCompileExec682357825.dir/build.make CMakeFiles/cmTryCompileExec682357825.dir/build
gmake[1]: Entering directory `/gpfs/home/hermann/eigen/build/CMakeFiles/CMakeTmp'
/usr/bin/cmake -E cmake_progress_report /gpfs/home/hermann/eigen/build/CMakeFiles/CMakeTmp/CMakeFiles 1
Building C object CMakeFiles/cmTryCompileExec682357825.dir/CheckFunctionExists.c.o
/usr/bin/cc   -DCHECK_FUNCTION_EXISTS=IceConnectionNumber   -o CMakeFiles/cmTryCompileExec682357825.dir/CheckFunctionExists.c.o   -c /usr/share/cmake/Modules/CheckFunctionExists.c
Linking C executable cmTryCompileExec682357825
/usr/bin/cmake -E cmake_link_script CMakeFiles/cmTryCompileExec682357825.dir/link.txt --verbose=1
/usr/bin/cc   -DCHECK_FUNCTION_EXISTS=IceConnectionNumber    CMakeFiles/cmTryCompileExec682357825.dir/CheckFunctionExists.c.o  -o cmTryCompileExec682357825 -rdynamic -lICE 
gmake[1]: Leaving directory `/gpfs/home/hermann/eigen/build/CMakeFiles/CMakeTmp'


